2021-10-10_15-16-56.236Started
2021-10-10_15-16-56.236Local directory is: E:\Documents\08_Github Local Repo\python_trackir
2021-10-10_15-16-56.236Version: 1.0
2021-10-10_15-16-56.303Timestamp[ms], Frame Number, Roll[deg], Pitch[deg], Yaw[deg], X[m], Y[m], Z[m]
2021-10-10_15-16-56.304,1,31682,-18.48659,18.30998,2.96688,-30.28307,-21.29239,-7.95884
2021-10-10_15-16-56.311,8,31683,-22.46714,9.22604,5.44562,68.01796,4.09423,-1.89758
2021-10-10_15-16-56.319,16,31684,-22.46333,9.24182,5.43106,68.02074,4.09956,-1.89359
2021-10-10_15-16-56.327,24,31685,-22.45908,9.25650,5.42064,68.02356,4.10385,-1.88789
2021-10-10_15-16-56.335,32,31686,-22.45469,9.27399,5.40492,68.02675,4.10961,-1.88473
2021-10-10_15-16-56.343,40,31687,-22.44921,9.29256,5.39553,68.03133,4.11251,-1.87374
2021-10-10_15-16-56.351,48,31688,-22.44355,9.31510,5.38666,68.03638,4.11579,-1.86327
2021-10-10_15-16-56.359,56,31689,-22.43708,9.33839,5.37673,68.04189,4.11890,-1.85092
2021-10-10_15-16-56.368,65,31690,-22.43006,9.36283,5.36645,68.04758,4.12233,-1.83897
2021-10-10_15-16-56.376,73,31691,-22.42233,9.38598,5.35771,68.05305,4.12599,-1.82820
2021-10-10_15-16-56.384,81,31692,-22.41400,9.40644,5.34476,68.05824,4.13039,-1.81623
2021-10-10_15-16-56.392,89,31693,-22.40590,9.43034,5.33352,68.06325,4.13537,-1.80698
2021-10-10_15-16-56.400,97,31694,-22.39723,9.45902,5.31820,68.06902,4.14184,-1.79935
2021-10-10_15-16-56.408,105,31695,-22.38700,9.48824,5.30237,68.07590,4.14812,-1.78945
2021-10-10_15-16-56.416,113,31696,-22.37518,9.52202,5.28747,68.08398,4.15295,-1.77371
2021-10-10_15-16-56.424,121,31697,-22.36304,9.55810,5.26880,68.09155,4.15987,-1.76220
2021-10-10_15-16-56.432,129,31698,-22.34971,9.58919,5.24616,68.09888,4.16583,-1.74386
2021-10-10_15-16-56.444,141,31699,-22.33569,9.63061,5.22050,68.10706,4.17330,-1.72788
2021-10-10_15-16-56.452,149,31700,-22.31945,9.66767,5.19128,68.11551,4.18120,-1.71007
2021-10-10_15-16-56.460,157,31701,-22.30300,9.71298,5.15520,68.12461,4.19039,-1.69239
2021-10-10_15-16-56.468,165,31702,-22.28578,9.75445,5.11905,68.13332,4.19744,-1.66828
2021-10-10_15-16-56.476,173,31703,-22.26636,9.80027,5.07845,68.14381,4.20465,-1.63979
2021-10-10_15-16-56.484,181,31704,-22.24352,9.84421,5.02873,68.15443,4.21405,-1.61425
2021-10-10_15-16-56.492,189,31705,-22.22114,9.91096,4.97141,68.16663,4.22731,-1.59785
2021-10-10_15-16-56.500,197,31706,-22.19721,9.97732,4.90279,68.17817,4.24039,-1.57705
2021-10-10_15-16-56.508,205,31707,-22.17135,10.05434,4.81880,68.19247,4.25421,-1.54833
2021-10-10_15-16-56.516,213,31708,-22.14382,10.13934,4.73830,68.20733,4.26890,-1.52249
2021-10-10_15-16-56.524,221,31709,-22.11346,10.26504,4.66262,68.22852,4.28378,-1.48480
2021-10-10_15-16-56.532,229,31710,-22.07571,10.38994,4.56961,68.25159,4.29963,-1.43559
2021-10-10_15-16-56.540,237,31711,-22.03438,10.54605,4.46859,68.27972,4.32032,-1.38817
2021-10-10_15-16-56.552,249,31712,-21.99044,10.71032,4.34707,68.31145,4.34548,-1.33759
2021-10-10_15-16-56.560,257,31713,-21.94508,10.88412,4.21289,68.34898,4.37185,-1.27151
2021-10-10_15-16-56.568,265,31714,-21.89569,11.09011,4.07682,68.39347,4.40483,-1.20824
2021-10-10_15-16-56.576,273,31715,-21.84416,11.33438,3.94545,68.44771,4.44144,-1.13010
2021-10-10_15-16-56.584,281,31716,-21.78829,11.56845,3.79658,68.50813,4.48520,-1.05112
2021-10-10_15-16-56.592,289,31717,-21.72981,11.76219,3.64026,68.57479,4.53319,-0.96237
2021-10-10_15-16-56.600,297,31718,-21.66774,11.97889,3.45893,68.65462,4.58868,-0.86112
2021-10-10_15-16-56.608,305,31719,-21.60517,12.18030,3.25923,68.74098,4.65003,-0.75398
2021-10-10_15-16-56.616,313,31720,-21.54319,12.39687,3.05343,68.83835,4.72065,-0.64523
2021-10-10_15-16-56.624,321,31721,-21.47740,12.61699,2.85833,68.94507,4.80442,-0.55329
2021-10-10_15-16-56.632,329,31722,-21.40885,12.83904,2.70997,69.06190,4.88467,-0.43307
2021-10-10_15-16-56.640,337,31723,-21.33154,13.00519,2.52284,69.18662,4.97357,-0.30496
2021-10-10_15-16-56.652,349,31724,-21.25169,13.16763,2.33560,69.31976,5.06150,-0.15276
2021-10-10_15-16-56.660,357,31725,-21.16491,13.33051,2.14423,69.46100,5.16353,-0.02362
2021-10-10_15-16-56.668,365,31726,-21.08255,13.51279,1.94570,69.60812,5.26208,0.13079
2021-10-10_15-16-56.676,373,31727,-21.00699,13.68722,1.72162,69.75440,5.35956,0.29400
2021-10-10_15-16-56.684,381,31728,-20.93351,13.90085,1.48998,69.90464,5.47125,0.42388
2021-10-10_15-16-56.692,389,31729,-20.85777,14.08987,1.24052,70.04852,5.57771,0.56196
2021-10-10_15-16-56.700,397,31730,-20.78439,14.27275,0.93583,70.18761,5.69455,0.67756
2021-10-10_15-16-56.708,405,31731,-20.71740,14.46455,0.62158,70.31721,5.79890,0.81073
2021-10-10_15-16-56.716,413,31732,-20.65021,14.66834,0.39564,70.44544,5.89874,0.94746
2021-10-10_15-16-56.724,421,31733,-20.57181,14.83973,0.13849,70.57257,6.00664,1.07850
2021-10-10_15-16-56.732,429,31734,-20.49021,15.02296,-0.08773,70.69862,6.12009,1.18934
2021-10-10_15-16-56.740,437,31735,-20.40972,15.20374,-0.29298,70.81861,6.22982,1.30734
2021-10-10_15-16-56.748,445,31736,-20.33656,15.40177,-0.53281,70.93017,6.34517,1.42081
2021-10-10_15-16-56.760,457,31737,-20.26161,15.62024,-0.76780,71.03819,6.46262,1.51962
2021-10-10_15-16-56.768,465,31738,-20.18742,15.83481,-1.01500,71.14123,6.58178,1.61285
2021-10-10_15-16-56.776,473,31739,-20.11552,16.02882,-1.27372,71.23868,6.69481,1.72793
2021-10-10_15-16-56.784,481,31740,-20.03668,16.16268,-1.55216,71.32726,6.80918,1.83835
2021-10-10_15-16-56.792,489,31741,-19.96223,16.34205,-1.82843,71.42104,6.91957,1.96071
2021-10-10_15-16-56.800,497,31742,-19.88964,16.51302,-2.10475,71.50718,7.03506,2.06889
2021-10-10_15-16-56.808,505,31743,-19.82780,16.68832,-2.32235,71.58487,7.14323,2.17346
2021-10-10_15-16-56.816,513,31744,-19.75969,16.87131,-2.52456,71.66695,7.25394,2.26539
2021-10-10_15-16-56.824,521,31745,-19.69867,17.07491,-2.69200,71.74953,7.36051,2.35317
2021-10-10_15-16-56.832,529,31746,-19.63526,17.27988,-2.85985,71.82648,7.47211,2.41322
2021-10-10_15-16-56.840,537,31747,-19.57698,17.46537,-2.99634,71.90569,7.56373,2.51316
2021-10-10_15-16-56.848,545,31748,-19.51819,17.61029,-3.15949,71.97523,7.66441,2.59400
2021-10-10_15-16-56.856,553,31749,-19.45709,17.72834,-3.33095,72.04432,7.75544,2.68410
2021-10-10_15-16-56.868,565,31750,-19.40102,17.84846,-3.48399,72.11518,7.83684,2.77826
2021-10-10_15-16-56.876,573,31751,-19.34753,17.97858,-3.65346,72.18621,7.91975,2.86762
2021-10-10_15-16-56.884,581,31752,-19.28780,18.08905,-3.83359,72.25809,7.99869,2.94878
2021-10-10_15-16-56.892,589,31753,-19.24352,18.23916,-3.97353,72.31725,8.07801,2.99345
2021-10-10_15-16-56.900,597,31754,-19.20236,18.36357,-4.11683,72.36577,8.15634,3.03874
2021-10-10_15-16-56.908,605,31755,-19.16358,18.47671,-4.23374,72.42064,8.21715,3.11049
2021-10-10_15-16-56.916,613,31756,-19.12210,18.54727,-4.35516,72.46912,8.27723,3.17919
2021-10-10_15-16-56.924,621,31757,-19.08408,18.61887,-4.48240,72.51013,8.34012,3.22813
2021-10-10_15-16-56.932,629,31758,-19.04605,18.68203,-4.60288,72.55503,8.39302,3.28785
2021-10-10_15-16-56.940,637,31759,-19.01516,18.74040,-4.68093,72.59824,8.42792,3.35769
2021-10-10_15-16-56.948,645,31760,-18.99405,18.83053,-4.73715,72.63402,8.46287,3.40022
2021-10-10_15-16-56.956,653,31761,-18.96976,18.89336,-4.78683,72.67432,8.48440,3.46248
2021-10-10_15-16-56.964,661,31762,-18.94846,18.96654,-4.83561,72.70943,8.50861,3.50525
2021-10-10_15-16-56.976,673,31763,-18.93025,19.02966,-4.89499,72.74024,8.52885,3.56017
2021-10-10_15-16-56.984,681,31764,-18.91256,19.08987,-4.95257,72.77083,8.54755,3.61176
2021-10-10_15-16-56.992,689,31765,-18.89754,19.12939,-4.99604,72.79546,8.55750,3.67198
2021-10-10_15-16-57.000,697,31766,-18.88180,19.16237,-5.04421,72.82137,8.56580,3.73409
2021-10-10_15-16-57.008,705,31767,-18.87078,19.21048,-5.09495,72.84407,8.57396,3.79256
2021-10-10_15-16-57.016,713,31768,-18.86224,19.25044,-5.13598,72.86058,8.57912,3.84914
2021-10-10_15-16-57.024,721,31769,-18.85256,19.27833,-5.17279,72.87388,8.58390,3.89862
2021-10-10_15-16-57.032,729,31770,-18.84408,19.30223,-5.20948,72.88689,8.58608,3.95365
2021-10-10_15-16-57.040,737,31771,-18.83727,19.32111,-5.23881,72.89799,8.58446,4.01217
2021-10-10_15-16-57.048,745,31772,-18.83037,19.34301,-5.27417,72.90638,8.58749,4.05879
2021-10-10_15-16-57.056,753,31773,-18.82202,19.36276,-5.30495,72.91685,8.58804,4.10268
2021-10-10_15-16-57.064,761,31774,-18.81634,19.38102,-5.34347,72.92029,8.59002,4.14425
2021-10-10_15-16-57.072,769,31775,-18.81037,19.39541,-5.37658,72.91949,8.59459,4.16726
2021-10-10_15-16-57.084,781,31776,-18.80538,19.41664,-5.41589,72.91762,8.60022,4.18770
2021-10-10_15-16-57.092,789,31777,-18.80041,19.43218,-5.45601,72.91443,8.60536,4.20768
2021-10-10_15-16-57.100,797,31778,-18.79591,19.44520,-5.49521,72.91083,8.60844,4.23016
2021-10-10_15-16-57.108,805,31779,-18.79143,19.46132,-5.53565,72.90651,8.61168,4.24823
2021-10-10_15-16-57.116,813,31780,-18.78862,19.48068,-5.57021,72.90163,8.61207,4.26780
2021-10-10_15-16-57.124,821,31781,-18.78621,19.50577,-5.59802,72.90343,8.60570,4.30432
2021-10-10_15-16-57.132,829,31782,-18.78364,19.53178,-5.62925,72.90253,8.60134,4.33260
2021-10-10_15-16-57.140,837,31783,-18.78199,19.55760,-5.65965,72.89973,8.59706,4.36097
2021-10-10_15-16-57.148,845,31784,-18.78076,19.58613,-5.68318,72.89662,8.59105,4.38712
2021-10-10_15-16-57.156,853,31785,-18.78007,19.61451,-5.70722,72.89452,8.58259,4.42103
2021-10-10_15-16-57.164,861,31786,-18.77824,19.63864,-5.73172,72.89335,8.57343,4.45558
2021-10-10_15-16-57.172,869,31787,-18.77598,19.66366,-5.75807,72.89010,8.56624,4.48356
2021-10-10_15-16-57.184,881,31788,-18.77333,19.69147,-5.78469,72.88988,8.55739,4.51311
2021-10-10_15-16-57.192,889,31789,-18.77078,19.71849,-5.80038,72.89118,8.54465,4.54357
2021-10-10_15-16-57.200,897,31790,-18.76964,19.74912,-5.82210,72.88875,8.53519,4.56998
2021-10-10_15-16-57.208,905,31791,-18.76858,19.77742,-5.83680,72.88638,8.52376,4.59630
2021-10-10_15-16-57.216,913,31792,-18.76616,19.80538,-5.85899,72.88103,8.51754,4.60654
2021-10-10_15-16-57.224,921,31793,-18.76395,19.83166,-5.88280,72.87569,8.51155,4.61823
2021-10-10_15-16-57.232,929,31794,-18.76253,19.86032,-5.90739,72.86809,8.50657,4.62659
2021-10-10_15-16-57.240,937,31795,-18.76031,19.88920,-5.93108,72.86244,8.50113,4.63434
2021-10-10_15-16-57.248,945,31796,-18.75905,19.91954,-5.95394,72.85622,8.49442,4.64517
2021-10-10_15-16-57.256,953,31797,-18.75729,19.94678,-5.98141,72.85073,8.48672,4.66072
2021-10-10_15-16-57.264,961,31798,-18.75522,19.97395,-6.00693,72.84925,8.47573,4.68490
2021-10-10_15-16-57.272,969,31799,-18.75394,19.99932,-6.02545,72.84496,8.46498,4.70526
2021-10-10_15-16-57.280,977,31800,-18.75182,20.01444,-6.04050,72.84244,8.45060,4.73168
2021-10-10_15-16-57.292,989,31801,-18.75036,20.02721,-6.05690,72.83949,8.43466,4.76383
2021-10-10_15-16-57.300,997,31802,-18.74943,20.04096,-6.07590,72.83519,8.41995,4.79500
2021-10-10_15-16-57.308,1005,31803,-18.74877,20.05527,-6.08983,72.83083,8.40393,4.82654
2021-10-10_15-16-57.316,1013,31804,-18.74796,20.07178,-6.10373,72.82818,8.38696,4.86116
2021-10-10_15-16-57.324,1021,31805,-18.74654,20.08846,-6.11818,72.82650,8.36976,4.89556
2021-10-10_15-16-57.332,1029,31806,-18.74551,20.10429,-6.13452,72.82327,8.35400,4.92772
2021-10-10_15-16-57.340,1037,31807,-18.74489,20.12367,-6.14540,72.82079,8.33640,4.96072
2021-10-10_15-16-57.348,1045,31808,-18.74382,20.14200,-6.16363,72.81793,8.32015,4.99447
2021-10-10_15-16-57.356,1053,31809,-18.74292,20.15580,-6.17871,72.81435,8.30295,5.02988
2021-10-10_15-16-57.364,1061,31810,-18.74148,20.16307,-6.19482,72.81103,8.28478,5.06881
2021-10-10_15-16-57.372,1069,31811,-18.74050,20.17294,-6.20807,72.80527,8.26817,5.10065
2021-10-10_15-16-57.380,1077,31812,-18.73947,20.18358,-6.22244,72.79953,8.25229,5.13038
2021-10-10_15-16-57.388,1085,31813,-18.73827,20.19231,-6.23770,72.79372,8.23658,5.16044
2021-10-10_15-16-57.400,1097,31814,-18.73648,20.20140,-6.25426,72.78767,8.22245,5.18475
2021-10-10_15-16-57.408,1105,31815,-18.73496,20.20929,-6.27227,72.78049,8.20837,5.20925
2021-10-10_15-16-57.416,1113,31816,-18.73371,20.21840,-6.29297,72.77256,8.19510,5.23301
2021-10-10_15-16-57.424,1121,31817,-18.73191,20.23269,-6.31366,72.76568,8.18199,5.25229
2021-10-10_15-16-57.432,1129,31818,-18.73006,20.24661,-6.34054,72.75844,8.16918,5.27347
2021-10-10_15-16-57.440,1137,31819,-18.72795,20.26117,-6.36981,72.75261,8.15648,5.29485
2021-10-10_15-16-57.448,1145,31820,-18.72648,20.27689,-6.40044,72.74515,8.14359,5.31563
2021-10-10_15-16-57.456,1153,31821,-18.72505,20.29105,-6.42841,72.73753,8.13004,5.33611
2021-10-10_15-16-57.464,1161,31822,-18.72364,20.30348,-6.45958,72.72582,8.11931,5.34546
2021-10-10_15-16-57.472,1169,31823,-18.72240,20.31834,-6.49161,72.71715,8.10610,5.36417
2021-10-10_15-16-57.480,1177,31824,-18.72132,20.33583,-6.52405,72.70795,8.09399,5.37920
2021-10-10_15-16-57.488,1185,31825,-18.72038,20.35801,-6.55978,72.69861,8.08277,5.39161
2021-10-10_15-16-57.500,1197,31826,-18.72016,20.38683,-6.58622,72.68938,8.07050,5.40284
2021-10-10_15-16-57.508,1205,31827,-18.71999,20.41605,-6.60663,72.68016,8.05719,5.41563
2021-10-10_15-16-57.516,1213,31828,-18.71962,20.45048,-6.63133,72.67172,8.04485,5.42801
2021-10-10_15-16-57.524,1221,31829,-18.71793,20.47282,-6.66597,72.66328,8.03329,5.44368
2021-10-10_15-16-57.532,1229,31830,-18.71592,20.49285,-6.70158,72.65563,8.02176,5.45978
2021-10-10_15-16-57.540,1237,31831,-18.71383,20.51070,-6.73568,72.64895,8.00924,5.47827
2021-10-10_15-16-57.548,1245,31832,-18.71209,20.53391,-6.77006,72.64078,7.99881,5.49071
2021-10-10_15-16-57.556,1253,31833,-18.70996,20.55037,-6.79927,72.63245,7.98663,5.50509
2021-10-10_15-16-57.564,1261,31834,-18.70774,20.56724,-6.83113,72.62368,7.97489,5.51922
2021-10-10_15-16-57.572,1269,31835,-18.70548,20.58327,-6.85359,72.61516,7.96265,5.53195
2021-10-10_15-16-57.580,1277,31836,-18.70292,20.59654,-6.88141,72.60645,7.95066,5.54601
2021-10-10_15-16-57.588,1285,31837,-18.70038,20.61321,-6.90692,72.59843,7.93860,5.55941
2021-10-10_15-16-57.596,1293,31838,-18.69804,20.63358,-6.93033,72.59072,7.92641,5.57271
2021-10-10_15-16-57.608,1305,31839,-18.69568,20.65144,-6.96855,72.58096,7.91594,5.58564
2021-10-10_15-16-57.616,1313,31840,-18.69228,20.66730,-7.00789,72.57290,7.90545,5.59781
2021-10-10_15-16-57.624,1321,31841,-18.68906,20.68852,-7.05648,72.56421,7.89655,5.60733
2021-10-10_15-16-57.632,1329,31842,-18.68526,20.70588,-7.10548,72.55635,7.88669,5.61863
2021-10-10_15-16-57.640,1337,31843,-18.68213,20.73165,-7.15128,72.54675,7.87806,5.62447
2021-10-10_15-16-57.648,1345,31844,-18.67861,20.75760,-7.19896,72.53967,7.86754,5.63763
2021-10-10_15-16-57.656,1353,31845,-18.67426,20.78075,-7.25833,72.53109,7.85899,5.64617
2021-10-10_15-16-57.664,1361,31846,-18.66942,20.80516,-7.32235,72.52163,7.85181,5.65000
2021-10-10_15-16-57.672,1369,31847,-18.66444,20.82684,-7.39319,72.51164,7.84491,5.65469
2021-10-10_15-16-57.680,1377,31848,-18.66011,20.85201,-7.46371,72.50112,7.83728,5.66062
2021-10-10_15-16-57.688,1385,31849,-18.65434,20.87189,-7.54706,72.49593,7.82621,5.68029
2021-10-10_15-16-57.696,1393,31850,-18.64771,20.89636,-7.63784,72.49052,7.81595,5.69626
2021-10-10_15-16-57.704,1401,31851,-18.63972,20.91048,-7.74120,72.48199,7.80844,5.70494
2021-10-10_15-16-57.716,1413,31852,-18.63109,20.92221,-7.87106,72.46973,7.80423,5.70639
2021-10-10_15-16-57.724,1421,31853,-18.62251,20.93894,-8.00766,72.45886,7.79938,5.70931
2021-10-10_15-16-57.732,1429,31854,-18.61358,20.95387,-8.12883,72.44781,7.79411,5.71202
2021-10-10_15-16-57.740,1437,31855,-18.60549,20.96958,-8.26263,72.43443,7.78973,5.71428
2021-10-10_15-16-57.748,1445,31856,-18.59636,20.97910,-8.39444,72.42194,7.78498,5.71875
2021-10-10_15-16-57.756,1453,31857,-18.58693,20.98842,-8.51226,72.40861,7.78107,5.71980
2021-10-10_15-16-57.764,1461,31858,-18.57948,21.00722,-8.59450,72.39335,7.77843,5.71080
2021-10-10_15-16-57.772,1469,31859,-18.57171,21.02580,-8.66004,72.38014,7.77339,5.70662
2021-10-10_15-16-57.780,1477,31860,-18.56286,21.03011,-8.74575,72.36771,7.76677,5.71009
2021-10-10_15-16-57.788,1485,31861,-18.55540,21.02813,-8.79825,72.35335,7.75905,5.71207
2021-10-10_15-16-57.796,1493,31862,-18.54687,21.02199,-8.86328,72.33671,7.75422,5.70575
2021-10-10_15-16-57.804,1501,31863,-18.53957,21.01233,-8.93612,72.31567,7.75146,5.69277
2021-10-10_15-16-57.816,1513,31864,-18.53173,20.99339,-9.00237,72.29556,7.74572,5.68619
2021-10-10_15-16-57.824,1521,31865,-18.52363,20.96696,-9.07410,72.27319,7.74027,5.67565
2021-10-10_15-16-57.832,1529,31866,-18.51756,20.93302,-9.14234,72.24699,7.73433,5.66377
2021-10-10_15-16-57.840,1537,31867,-18.51263,20.89174,-9.20868,72.21584,7.73081,5.64023
2021-10-10_15-16-57.848,1545,31868,-18.50868,20.84026,-9.27003,72.18201,7.72676,5.61268
2021-10-10_15-16-57.856,1553,31869,-18.50557,20.75147,-9.33243,72.14017,7.72300,5.57549
2021-10-10_15-16-57.864,1561,31870,-18.50412,20.57388,-9.38512,72.08826,7.72037,5.52302
2021-10-10_15-16-57.872,1569,31871,-18.50457,20.24437,-9.40520,72.03093,7.71139,5.46904
2021-10-10_15-16-57.880,1577,31872,-18.50503,19.79899,-9.43026,71.95205,7.70892,5.36946
2021-10-10_15-16-57.888,1585,31873,-18.50799,19.22983,-9.46205,71.83472,7.71681,5.18955
2021-10-10_15-16-57.896,1593,31874,-18.51187,18.56828,-9.50015,71.67122,7.73256,4.91317
2021-10-10_15-16-57.904,1601,31875,-18.51834,17.96877,-9.52255,71.44801,7.75906,4.49770
2021-10-10_15-16-57.916,1613,31876,-18.52716,17.38915,-9.52647,71.14990,7.79474,3.90557
2021-10-10_15-16-57.924,1621,31877,-18.54020,16.74956,-9.54236,70.75540,7.84383,3.09020
2021-10-10_15-16-57.932,1629,31878,-18.55660,16.06687,-9.55155,70.27711,7.89382,2.07075
2021-10-10_15-16-57.940,1637,31879,-18.58013,15.32616,-9.54527,69.75243,7.91583,0.99541
2021-10-10_15-16-57.948,1645,31880,-18.61850,14.60142,-9.52787,69.20744,7.89267,-0.03403
2021-10-10_15-16-57.956,1653,31881,-18.68546,13.96347,-9.49188,68.68659,7.80991,-0.88880
2021-10-10_15-16-57.964,1661,31882,-18.81116,13.26168,-9.45054,68.11832,7.69032,-1.76394
2021-10-10_15-16-57.972,1669,31883,-18.99347,12.57528,-9.38696,67.55240,7.52232,-2.55926
2021-10-10_15-16-57.980,1677,31884,-19.21993,11.81905,-9.30396,66.96461,7.32850,-3.37673
2021-10-10_15-16-57.988,1685,31885,-19.44891,11.07673,-9.17397,66.39728,7.10688,-4.13190
2021-10-10_15-16-57.996,1693,31886,-19.67463,10.25665,-8.96340,65.79171,6.89768,-5.15491
2021-10-10_15-16-58.004,1701,31887,-19.89190,9.48863,-8.64538,65.18800,6.68280,-6.30482
2021-10-10_15-16-58.016,1713,31888,-20.09777,8.72108,-8.21027,64.61084,6.46247,-7.48978
2021-10-10_15-16-58.024,1721,31889,-20.28021,8.01014,-7.73451,64.09068,6.26426,-8.72998
2021-10-10_15-16-58.032,1729,31890,-20.45121,7.19235,-7.25972,63.62053,6.05555,-9.84806
2021-10-10_15-16-58.040,1737,31891,-20.61607,6.36328,-6.77698,63.20756,5.84316,-10.83022
2021-10-10_15-16-58.048,1745,31892,-20.78489,5.62742,-6.28437,62.85695,5.63593,-11.67285
2021-10-10_15-16-58.056,1753,31893,-20.96475,4.85207,-5.74730,62.52829,5.41480,-12.45264
2021-10-10_15-16-58.064,1761,31894,-21.15388,3.93765,-5.25407,62.20806,5.18076,-13.21546
2021-10-10_15-16-58.072,1769,31895,-21.36284,3.10339,-4.68785,61.89592,4.92527,-13.93819
2021-10-10_15-16-58.080,1777,31896,-21.58449,2.33741,-4.11969,61.60904,4.66786,-14.67371
2021-10-10_15-16-58.088,1785,31897,-21.81853,1.60849,-3.53337,61.33389,4.39920,-15.46200
2021-10-10_15-16-58.096,1793,31898,-22.05845,0.82838,-2.92648,61.07081,4.11366,-16.22511
2021-10-10_15-16-58.104,1801,31899,-22.27573,0.16850,-2.26381,60.85081,3.82875,-16.85450
2021-10-10_15-16-58.116,1813,31900,-22.47514,-0.51755,-1.56524,60.65336,3.52431,-17.43548
2021-10-10_15-16-58.124,1821,31901,-22.67984,-1.18019,-0.95285,60.48316,3.20941,-18.09643
2021-10-10_15-16-58.132,1829,31902,-22.90609,-1.90699,-0.34091,60.33646,2.87330,-18.71153
2021-10-10_15-16-58.140,1837,31903,-23.14040,-2.50925,0.35603,60.23322,2.51362,-19.22535
2021-10-10_15-16-58.148,1845,31904,-23.36132,-3.17788,1.02961,60.17591,2.12935,-19.80144
2021-10-10_15-16-58.156,1853,31905,-23.57289,-3.72180,1.60871,60.17356,1.75435,-20.41114
2021-10-10_15-16-58.164,1861,31906,-23.77595,-4.21538,2.27550,60.21259,1.36020,-20.89350
2021-10-10_15-16-58.172,1869,31907,-23.97928,-4.72273,2.90180,60.28036,0.96497,-21.42124
2021-10-10_15-16-58.180,1877,31908,-24.18415,-5.23512,3.48173,60.35533,0.59281,-21.92069
2021-10-10_15-16-58.188,1885,31909,-24.36776,-5.73046,4.10421,60.44091,0.23675,-22.36620
2021-10-10_15-16-58.196,1893,31910,-24.51818,-6.20462,4.77802,60.53880,-0.11539,-22.69999
2021-10-10_15-16-58.204,1901,31911,-24.67157,-6.62181,5.37450,60.62280,-0.43151,-23.09886
2021-10-10_15-16-58.216,1913,31912,-24.82027,-6.96743,6.01501,60.70556,-0.74371,-23.37878
2021-10-10_15-16-58.224,1921,31913,-24.95953,-7.27343,6.74481,60.77635,-1.07138,-23.56240
2021-10-10_15-16-58.232,1929,31914,-25.08927,-7.60599,7.34472,60.82978,-1.35349,-23.80359
2021-10-10_15-16-58.240,1937,31915,-25.22382,-7.90292,7.89005,60.87596,-1.60450,-24.01173
2021-10-10_15-16-58.248,1945,31916,-25.35187,-8.24446,8.44699,60.88289,-1.83997,-24.22184
2021-10-10_15-16-58.256,1953,31917,-25.46397,-8.62604,8.98607,60.88691,-2.05520,-24.39077
2021-10-10_15-16-58.264,1961,31918,-25.56178,-8.87268,9.67427,60.89566,-2.29481,-24.45910
2021-10-10_15-16-58.272,1969,31919,-25.65843,-9.05803,10.20738,60.89457,-2.49304,-24.52349
2021-10-10_15-16-58.280,1977,31920,-25.74751,-9.25389,10.69680,60.87469,-2.67247,-24.60133
2021-10-10_15-16-58.288,1985,31921,-25.82559,-9.38244,11.29102,60.85560,-2.86483,-24.59988
2021-10-10_15-16-58.296,1993,31922,-25.89712,-9.48196,11.82908,60.82589,-3.04341,-24.55656
2021-10-10_15-16-58.304,2001,31923,-25.95782,-9.58337,12.36452,60.78968,-3.21486,-24.52150
2021-10-10_15-16-58.312,2009,31924,-26.01367,-9.67715,12.82240,60.73564,-3.36254,-24.49621
2021-10-10_15-16-58.324,2021,31925,-26.06864,-9.70345,13.28194,60.68958,-3.51459,-24.41285
2021-10-10_15-16-58.332,2029,31926,-26.11646,-9.72338,13.70402,60.63774,-3.64066,-24.32416
2021-10-10_15-16-58.340,2037,31927,-26.15371,-9.70082,14.20468,60.59553,-3.78658,-24.17888
2021-10-10_15-16-58.348,2045,31928,-26.18622,-9.74256,14.66616,60.49825,-3.93046,-24.01189
2021-10-10_15-16-58.356,2053,31929,-26.21428,-9.74322,15.15459,60.39447,-4.07567,-23.78632
2021-10-10_15-16-58.364,2061,31930,-26.23572,-9.69196,15.72452,60.28256,-4.24129,-23.41708
2021-10-10_15-16-58.372,2069,31931,-26.25811,-9.63560,16.17365,60.10786,-4.40825,-22.87712
2021-10-10_15-16-58.380,2077,31932,-26.27982,-9.56651,16.46939,59.90994,-4.55890,-22.27333
2021-10-10_15-16-58.388,2085,31933,-26.29940,-9.51307,16.71346,59.65961,-4.71975,-21.56933
2021-10-10_15-16-58.396,2093,31934,-26.31470,-9.46382,16.95211,59.38079,-4.88686,-20.79125
2021-10-10_15-16-58.404,2101,31935,-26.33052,-9.40884,17.18189,59.09549,-5.05002,-20.01995
2021-10-10_15-16-58.412,2109,31936,-26.34183,-9.29646,17.56175,58.81361,-5.25659,-19.13384
2021-10-10_15-16-58.420,2117,31937,-26.35034,-9.17718,17.98483,58.51985,-5.44466,-18.31130
2021-10-10_15-16-58.432,2129,31938,-26.35794,-9.02665,18.55745,58.27170,-5.63157,-17.60243
2021-10-10_15-16-58.440,2137,31939,-26.37379,-8.91820,18.89677,58.04320,-5.76932,-17.02969
2021-10-10_15-16-58.448,2145,31940,-26.38399,-8.86590,19.29833,57.82436,-5.91905,-16.51509
2021-10-10_15-16-58.456,2153,31941,-26.39217,-8.79647,19.80541,57.62509,-6.07262,-16.02707
2021-10-10_15-16-58.464,2161,31942,-26.40018,-8.69325,20.42930,57.43614,-6.24819,-15.51930
2021-10-10_15-16-58.472,2169,31943,-26.41034,-8.60837,20.89282,57.26208,-6.39533,-15.09723
2021-10-10_15-16-58.480,2177,31944,-26.42247,-8.53738,21.27168,57.09993,-6.53292,-14.71957
2021-10-10_15-16-58.488,2185,31945,-26.43608,-8.52260,21.45795,56.95244,-6.63223,-14.46005
2021-10-10_15-16-58.496,2193,31946,-26.44789,-8.42172,21.75048,56.82833,-6.75438,-14.14236
2021-10-10_15-16-58.504,2201,31947,-26.45964,-8.33778,22.02196,56.68316,-6.88496,-13.79801
2021-10-10_15-16-58.512,2209,31948,-26.47116,-8.23296,22.28178,56.53976,-7.01922,-13.43625
2021-10-10_15-16-58.520,2217,31949,-26.48319,-8.14160,22.49402,56.39956,-7.14240,-13.11169
2021-10-10_15-16-58.528,2225,31950,-26.49458,-8.02976,22.73541,56.26302,-7.27530,-12.77548
2021-10-10_15-16-58.536,2233,31951,-26.50562,-7.92682,22.95758,56.10524,-7.41955,-12.39828
2021-10-10_15-16-58.548,2245,31952,-26.51494,-7.80802,23.15606,55.97540,-7.54219,-12.08271
2021-10-10_15-16-58.556,2253,31953,-26.52056,-7.67148,23.40807,55.81926,-7.70190,-11.67225
2021-10-10_15-16-58.564,2261,31954,-26.53083,-7.48862,23.63140,55.67251,-7.85148,-11.27933
2021-10-10_15-16-58.572,2269,31955,-26.54047,-7.30375,23.81070,55.49689,-8.01923,-10.83595
2021-10-10_15-16-58.580,2277,31956,-26.54632,-7.08918,23.99868,55.32933,-8.19248,-10.38349
2021-10-10_15-16-58.588,2285,31957,-26.55302,-6.85685,24.11388,55.17180,-8.34648,-9.96523
2021-10-10_15-16-58.596,2293,31958,-26.55970,-6.56253,24.23070,55.01770,-8.51265,-9.52356
2021-10-10_15-16-58.604,2301,31959,-26.56422,-6.20380,24.35886,54.83744,-8.71793,-8.99734
2021-10-10_15-16-58.612,2309,31960,-26.56890,-5.81671,24.42717,54.66474,-8.90812,-8.48458
2021-10-10_15-16-58.620,2317,31961,-26.57405,-5.30288,24.47659,54.51180,-9.09817,-7.97090
2021-10-10_15-16-58.628,2325,31962,-26.57438,-4.87245,24.51708,54.35306,-9.29729,-7.43885
2021-10-10_15-16-58.636,2333,31963,-26.57410,-4.41380,24.57931,54.21119,-9.51141,-6.90747
2021-10-10_15-16-58.644,2341,31964,-26.57386,-3.92859,24.58406,54.06746,-9.72515,-6.34200
2021-10-10_15-16-58.656,2353,31965,-26.57264,-3.36041,24.59964,53.94909,-9.94636,-5.78745
2021-10-10_15-16-58.664,2361,31966,-26.57015,-3.00060,24.57802,53.80830,-10.16191,-5.22907
2021-10-10_15-16-58.672,2369,31967,-26.56871,-2.46024,24.56281,53.71698,-10.37098,-4.70709
2021-10-10_15-16-58.680,2377,31968,-26.56369,-2.05713,24.54023,53.58611,-10.61583,-4.09083
2021-10-10_15-16-58.688,2385,31969,-26.56045,-1.53097,24.50352,53.47545,-10.84724,-3.49514
2021-10-10_15-16-58.696,2393,31970,-26.55434,-0.97174,24.47433,53.38306,-11.08201,-2.91775
2021-10-10_15-16-58.704,2401,31971,-26.54719,-0.45251,24.43023,53.27752,-11.31827,-2.32122
2021-10-10_15-16-58.712,2409,31972,-26.53884,0.22453,24.38696,53.20628,-11.54376,-1.76544
2021-10-10_15-16-58.720,2417,31973,-26.52848,0.87991,24.31954,53.12572,-11.76841,-1.17944
2021-10-10_15-16-58.728,2425,31974,-26.51542,1.59681,24.25044,53.05047,-12.02178,-0.53331
2021-10-10_15-16-58.736,2433,31975,-26.49645,2.36631,24.20341,53.00239,-12.29749,0.13481
2021-10-10_15-16-58.744,2441,31976,-26.46770,3.08499,24.17342,52.95593,-12.61926,0.88746
2021-10-10_15-16-58.752,2449,31977,-26.42851,3.77964,24.13499,52.89225,-12.98070,1.75071
2021-10-10_15-16-58.764,2461,31978,-26.37066,4.40601,24.11285,52.82317,-13.39090,2.71161
2021-10-10_15-16-58.772,2469,31979,-26.29496,5.11597,24.07654,52.76112,-13.79497,3.68402
2021-10-10_15-16-58.780,2477,31980,-26.20107,5.85766,24.03055,52.71906,-14.18395,4.65141
2021-10-10_15-16-58.788,2485,31981,-26.09032,6.64484,23.97812,52.70065,-14.55451,5.61039
2021-10-10_15-16-58.796,2493,31982,-25.97644,7.61172,23.91132,52.76935,-14.79612,6.35568
2021-10-10_15-16-58.804,2501,31983,-25.85747,8.57007,23.81519,52.89048,-14.96027,7.09907
2021-10-10_15-16-58.812,2509,31984,-25.73901,9.55671,23.62702,53.09560,-14.92594,7.73618
2021-10-10_15-16-58.820,2517,31985,-25.60395,10.52616,23.31607,53.48284,-14.70782,8.48324
2021-10-10_15-16-58.828,2525,31986,-25.44471,11.31724,22.87328,53.88334,-14.48280,9.39386
2021-10-10_15-16-58.832,2529,31987,-25.25608,12.06101,22.35099,54.21267,-14.35385,10.33759
2021-10-10_15-16-58.840,2537,31988,-25.06650,12.85910,21.85576,54.52761,-14.22528,11.16731
2021-10-10_15-16-58.848,2545,31989,-24.90827,13.71206,21.27300,54.84387,-14.08054,11.97454
2021-10-10_15-16-58.856,2553,31990,-24.75700,14.49866,20.68791,55.14944,-13.94982,12.75273
2021-10-10_15-16-58.864,2561,31991,-24.62025,15.36093,20.18140,55.47859,-13.74312,13.35320
2021-10-10_15-16-58.872,2569,31992,-24.49448,16.12938,19.59370,55.78488,-13.53264,13.92349
2021-10-10_15-16-58.880,2577,31993,-24.36821,16.93123,19.07142,56.09825,-13.30859,14.42258
2021-10-10_15-16-58.888,2585,31994,-24.24199,17.76154,18.58932,56.42276,-13.10153,14.92173
2021-10-10_15-16-58.896,2593,31995,-24.10474,18.52246,18.16070,56.73587,-12.91777,15.40482
2021-10-10_15-16-58.904,2601,31996,-23.94866,19.21706,17.75246,57.03782,-12.77177,15.90846
2021-10-10_15-16-58.920,2617,31997,-23.77944,19.92321,17.25658,57.33818,-12.58639,16.35796
2021-10-10_15-16-58.924,2621,31998,-23.59686,20.56097,16.69874,57.63824,-12.44614,16.87153
2021-10-10_15-16-58.936,2633,31999,-23.38809,21.23320,16.18627,57.94990,-12.33000,17.39683
2021-10-10_15-16-58.940,2637,32000,-23.14673,21.82095,15.62882,58.26697,-12.24984,17.97699
2021-10-10_15-16-58.952,2649,32001,-22.91361,22.34141,15.09857,58.56331,-12.18213,18.53228
2021-10-10_15-16-58.960,2657,32002,-22.68461,22.89635,14.50759,58.86667,-12.06827,19.01584
2021-10-10_15-16-58.964,2661,32003,-22.47030,23.35824,13.92174,59.16505,-11.98281,19.52678
2021-10-10_15-16-58.980,2677,32004,-22.27336,23.69393,13.23658,59.43156,-11.84931,19.94675
2021-10-10_15-16-58.988,2685,32005,-22.09081,24.00886,12.58134,59.69721,-11.72493,20.38524
2021-10-10_15-16-58.996,2693,32006,-21.91779,24.25173,11.97465,59.93007,-11.58835,20.77458
2021-10-10_15-16-59.004,2701,32007,-21.75259,24.48905,11.34653,60.14444,-11.41572,21.11786
2021-10-10_15-16-59.012,2709,32008,-21.59188,24.69352,10.83067,60.31385,-11.20741,21.35473
2021-10-10_15-16-59.020,2717,32009,-21.43806,24.86774,10.24501,60.45085,-10.99927,21.60988
2021-10-10_15-16-59.028,2725,32010,-21.30301,25.03314,9.71781,60.55035,-10.77799,21.83665
2021-10-10_15-16-59.036,2733,32011,-21.17500,25.19677,9.28399,60.63165,-10.54690,22.00369
2021-10-10_15-16-59.044,2741,32012,-21.05467,25.29855,8.80951,60.66835,-10.33277,22.24158
2021-10-10_15-16-59.052,2749,32013,-20.94532,25.38289,8.35762,60.66812,-10.09828,22.43826
2021-10-10_15-16-59.060,2757,32014,-20.84431,25.43549,7.94390,60.65226,-9.88775,22.64696
2021-10-10_15-16-59.068,2765,32015,-20.75796,25.48868,7.62696,60.62815,-9.66413,22.75688
2021-10-10_15-16-59.072,2769,32016,-20.68185,25.53246,7.36146,60.60403,-9.45862,22.83994
2021-10-10_15-16-59.088,2785,32017,-20.61925,25.54592,7.09167,60.55885,-9.26774,22.93290
2021-10-10_15-16-59.096,2793,32018,-20.56111,25.53912,6.78163,60.50980,-9.10229,23.05886
2021-10-10_15-16-59.104,2801,32019,-20.51047,25.51689,6.41425,60.43928,-8.92090,23.14203
2021-10-10_15-16-59.112,2809,32020,-20.46425,25.48662,6.02357,60.37012,-8.75385,23.21194
2021-10-10_15-16-59.120,2817,32021,-20.41716,25.43124,5.63963,60.29602,-8.60725,23.29167
2021-10-10_15-16-59.128,2825,32022,-20.37881,25.36284,5.29132,60.20297,-8.44733,23.32243
2021-10-10_15-16-59.136,2833,32023,-20.33813,25.26582,4.92477,60.11375,-8.29731,23.35854
2021-10-10_15-16-59.144,2841,32024,-20.29987,25.10806,4.52224,60.00756,-8.13630,23.35504
2021-10-10_15-16-59.152,2849,32025,-20.27013,24.76142,4.11220,59.87641,-7.96139,23.31200
2021-10-10_15-16-59.160,2857,32026,-20.24079,24.25494,3.73308,59.73373,-7.78640,23.24489
2021-10-10_15-16-59.168,2865,32027,-20.21658,23.67617,3.30907,59.55687,-7.58055,23.13900
2021-10-10_15-16-59.176,2873,32028,-20.19991,23.07374,2.93591,59.34033,-7.33557,22.90545
2021-10-10_15-16-59.188,2885,32029,-20.18627,22.47742,2.61259,59.06262,-7.01413,22.43871
2021-10-10_15-16-59.196,2893,32030,-20.17525,21.90200,2.33249,58.70417,-6.58785,21.62438
2021-10-10_15-16-59.204,2901,32031,-20.16682,21.26949,2.08820,58.28361,-6.09588,20.57387
2021-10-10_15-16-59.212,2909,32032,-20.16038,20.59660,1.86611,57.82277,-5.56500,19.37646
2021-10-10_15-16-59.220,2917,32033,-20.15884,19.89911,1.69028,57.35146,-5.04297,18.17918
2021-10-10_15-16-59.228,2925,32034,-20.15916,19.12201,1.56326,56.92015,-4.60080,17.19852
2021-10-10_15-16-59.236,2933,32035,-20.16293,18.24936,1.50938,56.51015,-4.22274,16.33323
2021-10-10_15-16-59.244,2941,32036,-20.17109,17.43082,1.47569,56.12656,-3.90852,15.55492
2021-10-10_15-16-59.252,2949,32037,-20.18446,16.56253,1.44802,55.70822,-3.59647,14.71820
2021-10-10_15-16-59.260,2957,32038,-20.20105,15.65028,1.46621,55.27249,-3.32548,13.80893
2021-10-10_15-16-59.268,2965,32039,-20.22164,14.81853,1.48613,54.82926,-3.09923,12.83211
2021-10-10_15-16-59.276,2973,32040,-20.24947,13.98202,1.53658,54.37407,-2.93179,11.80670
2021-10-10_15-16-59.288,2985,32041,-20.28741,13.13944,1.59231,53.90130,-2.81567,10.75137
2021-10-10_15-16-59.296,2993,32042,-20.33789,12.24435,1.64777,53.41373,-2.74388,9.68854
2021-10-10_15-16-59.304,3001,32043,-20.40432,11.35979,1.72952,52.94636,-2.75683,8.73721
2021-10-10_15-16-59.312,3009,32044,-20.48947,10.37150,1.83250,52.47255,-2.83290,7.93162
2021-10-10_15-16-59.320,3017,32045,-20.59517,9.52529,1.95138,52.03309,-2.91661,7.08056
2021-10-10_15-16-59.328,3025,32046,-20.71728,8.53746,2.07486,51.59198,-2.99498,6.18952
2021-10-10_15-16-59.336,3033,32047,-20.85430,7.70792,2.21722,51.19869,-3.05165,5.14796
2021-10-10_15-16-59.344,3041,32048,-20.99530,6.69109,2.38636,50.79676,-3.11214,3.95507
2021-10-10_15-16-59.352,3049,32049,-21.13691,5.80253,2.56529,50.44086,-3.17668,2.81956
2021-10-10_15-16-59.360,3057,32050,-21.27022,4.90186,2.71662,50.13002,-3.21735,1.62986
2021-10-10_15-16-59.368,3065,32051,-21.38253,3.98593,2.87165,49.86109,-3.24272,0.28405
2021-10-10_15-16-59.376,3073,32052,-21.48289,3.05875,2.99206,49.62563,-3.25093,-1.25154
2021-10-10_15-16-59.388,3085,32053,-21.57289,2.20167,3.08887,49.44473,-3.27281,-2.62076
2021-10-10_15-16-59.396,3093,32054,-21.65038,1.43049,3.17230,49.31039,-3.29813,-3.87709
2021-10-10_15-16-59.404,3101,32055,-21.71504,0.64528,3.26403,49.20087,-3.35444,-4.84019
2021-10-10_15-16-59.412,3109,32056,-21.76962,-0.20887,3.28678,49.11210,-3.39343,-5.73681
2021-10-10_15-16-59.420,3117,32057,-21.81397,-0.88559,3.26724,49.08156,-3.40186,-6.73037
2021-10-10_15-16-59.428,3125,32058,-21.85149,-1.56669,3.22320,49.06663,-3.40695,-7.78764
2021-10-10_15-16-59.436,3133,32059,-21.87061,-2.13944,3.15717,49.08999,-3.39947,-8.85839
2021-10-10_15-16-59.444,3141,32060,-21.87863,-2.64241,3.01345,49.13380,-3.36399,-9.84646
2021-10-10_15-16-59.452,3149,32061,-21.86980,-2.91258,2.72949,49.19336,-3.32933,-10.57555
2021-10-10_15-16-59.460,3157,32062,-21.84285,-3.07502,2.28901,49.26072,-3.27645,-11.16533
2021-10-10_15-16-59.468,3165,32063,-21.80233,-3.14040,1.67874,49.33708,-3.20236,-11.63885
2021-10-10_15-16-59.476,3173,32064,-21.73906,-3.19105,0.95753,49.42427,-3.10707,-12.01300
2021-10-10_15-16-59.484,3181,32065,-21.62795,-3.12650,0.16295,49.53942,-2.98359,-12.37618
2021-10-10_15-16-59.496,3193,32066,-21.41798,-3.05213,-0.54169,49.69373,-2.82331,-12.63365
2021-10-10_15-16-59.504,3201,32067,-21.14865,-2.95161,-1.36828,49.92091,-2.58998,-12.98412
2021-10-10_15-16-59.512,3209,32068,-20.85317,-2.85301,-2.18552,50.27051,-2.23923,-13.31074
2021-10-10_15-16-59.520,3217,32069,-20.55532,-2.69503,-3.01882,50.79839,-1.73986,-13.58582
2021-10-10_15-16-59.528,3225,32070,-20.25613,-2.52714,-3.82323,51.42483,-1.15367,-13.93231
2021-10-10_15-16-59.536,3233,32071,-19.97711,-2.31531,-4.56194,52.05981,-0.56947,-14.17667
2021-10-10_15-16-59.544,3241,32072,-19.69946,-2.07073,-5.27117,52.58371,-0.08100,-14.46799
2021-10-10_15-16-59.552,3249,32073,-19.43447,-1.78985,-5.87932,52.99646,0.31088,-14.67170
2021-10-10_15-16-59.560,3257,32074,-19.16931,-1.50585,-6.52204,53.34961,0.65363,-14.88014
2021-10-10_15-16-59.568,3265,32075,-18.91466,-1.22347,-7.10150,53.65818,0.95505,-15.02564
2021-10-10_15-16-59.576,3273,32076,-18.67843,-0.95833,-7.81553,53.92670,1.23751,-15.23751
2021-10-10_15-16-59.584,3281,32077,-18.46309,-0.63232,-8.41356,54.18304,1.49787,-15.38024
2021-10-10_15-16-59.592,3289,32078,-18.26870,-0.26582,-9.01241,54.41685,1.74059,-15.51082
2021-10-10_15-16-59.604,3301,32079,-18.10480,0.11594,-9.61998,54.61861,1.96463,-15.65254
2021-10-10_15-16-59.612,3309,32080,-17.95141,0.46131,-10.22228,54.80976,2.17366,-15.76208
2021-10-10_15-16-59.620,3317,32081,-17.81156,0.77264,-10.80604,54.97668,2.36838,-15.88517
2021-10-10_15-16-59.628,3325,32082,-17.67899,1.02930,-11.40046,55.12819,2.55099,-16.02363
2021-10-10_15-16-59.636,3333,32083,-17.55056,1.33688,-11.92010,55.27535,2.71643,-16.12337
2021-10-10_15-16-59.644,3341,32084,-17.43254,1.64496,-12.47558,55.39855,2.86953,-16.24525
2021-10-10_15-16-59.652,3349,32085,-17.31427,1.83439,-13.01488,55.50040,3.01470,-16.39702
2021-10-10_15-16-59.660,3357,32086,-17.20496,2.02138,-13.55243,55.58809,3.14325,-16.51560
2021-10-10_15-16-59.668,3365,32087,-17.08620,2.19999,-14.05450,55.67694,3.26187,-16.66718
2021-10-10_15-16-59.676,3373,32088,-16.97641,2.37685,-14.54385,55.74833,3.37206,-16.80286
2021-10-10_15-16-59.684,3381,32089,-16.87154,2.51470,-15.05441,55.80179,3.47394,-16.97941
2021-10-10_15-16-59.692,3389,32090,-16.76678,2.66191,-15.50047,55.85825,3.56512,-17.12805
2021-10-10_15-16-59.700,3397,32091,-16.67107,2.81479,-15.82688,55.90819,3.64330,-17.26166
2021-10-10_15-16-59.712,3409,32092,-16.57634,2.95553,-16.10999,55.95822,3.71179,-17.38757
2021-10-10_15-16-59.720,3417,32093,-16.48587,3.15897,-16.36092,56.01236,3.77069,-17.49498
2021-10-10_15-16-59.728,3425,32094,-16.40179,3.34718,-16.60128,56.04948,3.82330,-17.62221
2021-10-10_15-16-59.736,3433,32095,-16.32507,3.55568,-16.83147,56.09142,3.86962,-17.72096
2021-10-10_15-16-59.744,3441,32096,-16.25713,3.72448,-17.03269,56.12286,3.90645,-17.80863
2021-10-10_15-16-59.752,3449,32097,-16.19423,3.88291,-17.21653,56.14759,3.93558,-17.89893
2021-10-10_15-16-59.760,3457,32098,-16.14144,4.03749,-17.36570,56.17409,3.95817,-17.94342
2021-10-10_15-16-59.768,3465,32099,-16.09306,4.17790,-17.50447,56.18903,3.97508,-18.01523
2021-10-10_15-16-59.776,3473,32100,-16.04905,4.32786,-17.62948,56.20033,3.98678,-18.09268
2021-10-10_15-16-59.784,3481,32101,-16.01741,4.48104,-17.68568,56.22070,3.99093,-18.08267
2021-10-10_15-16-59.792,3489,32102,-15.99008,4.62025,-17.75081,56.22805,3.99452,-18.09203
2021-10-10_15-16-59.800,3497,32103,-15.96302,4.79100,-17.79015,56.24629,3.99176,-18.07951
2021-10-10_15-16-59.808,3505,32104,-15.94480,4.99394,-17.82690,56.25555,3.98832,-18.06342
2021-10-10_15-16-59.820,3517,32105,-15.93072,5.24752,-17.84248,56.27468,3.98284,-18.00054
2021-10-10_15-16-59.828,3525,32106,-15.92295,5.54800,-17.83715,56.29134,3.97586,-17.92623
2021-10-10_15-16-59.836,3533,32107,-15.91580,5.93326,-17.81243,56.31541,3.96770,-17.83007
2021-10-10_15-16-59.844,3541,32108,-15.91236,6.43133,-17.75754,56.35377,3.95390,-17.68548
2021-10-10_15-16-59.852,3549,32109,-15.91039,6.88414,-17.71120,56.40372,3.94220,-17.50349
2021-10-10_15-16-59.860,3557,32110,-15.91490,7.43714,-17.63391,56.48531,3.92835,-17.21429
2021-10-10_15-16-59.868,3565,32111,-15.92127,7.98059,-17.53529,56.63921,3.91860,-16.71122
2021-10-10_15-16-59.876,3573,32112,-15.92996,8.52871,-17.38663,56.94751,3.91250,-15.76307
2021-10-10_15-16-59.884,3581,32113,-15.94142,9.09202,-17.11199,57.36180,3.89666,-14.51330
2021-10-10_15-16-59.892,3589,32114,-15.95672,9.65075,-16.65669,57.80173,3.86127,-13.17040
2021-10-10_15-16-59.900,3597,32115,-15.97440,10.18085,-16.10078,58.31404,3.79905,-11.59003
2021-10-10_15-16-59.908,3605,32116,-15.99435,10.70848,-15.57510,58.69576,3.72190,-10.37893
2021-10-10_15-16-59.916,3613,32117,-16.02267,11.36634,-14.88108,59.13902,3.59826,-8.95096
2021-10-10_15-16-59.928,3625,32118,-16.06087,11.97791,-14.18066,59.51293,3.45023,-7.70756
2021-10-10_15-16-59.936,3633,32119,-16.11273,12.59539,-13.56299,59.82178,3.28216,-6.64411
2021-10-10_15-16-59.944,3641,32120,-16.18339,13.30706,-12.89563,60.15057,3.06691,-5.53113
2021-10-10_15-16-59.952,3649,32121,-16.27380,13.93361,-12.28083,60.46110,2.81571,-4.48718
2021-10-10_15-16-59.960,3657,32122,-16.38571,14.54984,-11.60505,60.75923,2.52073,-3.48744
2021-10-10_15-16-59.968,3665,32123,-16.50556,15.08829,-10.92695,61.07318,2.17217,-2.47366
2021-10-10_15-16-59.976,3673,32124,-16.63600,15.67916,-10.22426,61.34791,1.79978,-1.62249
2021-10-10_15-16-59.984,3681,32125,-16.76889,16.26716,-9.52044,61.69360,1.34231,-0.60668
2021-10-10_15-16-59.992,3689,32126,-16.90349,16.88289,-8.80643,62.09238,0.80763,0.51382
2021-10-10_15-17-00.000,3697,32127,-17.02965,17.50024,-8.10396,62.49727,0.23733,1.56903
2021-10-10_15-17-00.008,3705,32128,-17.16210,18.16837,-7.32055,62.91597,-0.38439,2.59338
2021-10-10_15-17-00.016,3713,32129,-17.28835,18.81716,-6.48449,63.39457,-1.09495,3.67635
2021-10-10_15-17-00.028,3725,32130,-17.41341,19.51884,-5.71164,63.94470,-1.89038,4.88429
2021-10-10_15-17-00.036,3733,32131,-17.54427,20.15457,-4.89719,64.49880,-2.71528,6.13822
2021-10-10_15-17-00.044,3741,32132,-17.67846,20.74905,-4.10845,65.07075,-3.57744,7.53112
2021-10-10_15-17-00.052,3749,32133,-17.81607,21.32059,-3.39292,65.55299,-4.34611,8.76008
2021-10-10_15-17-00.060,3757,32134,-17.97174,21.98908,-2.62590,65.93185,-5.00286,9.64401
2021-10-10_15-17-00.068,3765,32135,-18.14880,22.59255,-1.98210,66.22823,-5.55973,10.37906
2021-10-10_15-17-00.076,3773,32136,-18.33704,23.14635,-1.27593,66.49156,-6.09038,11.02705
2021-10-10_15-17-00.084,3781,32137,-18.53367,23.66029,-0.57287,66.73415,-6.60423,11.66267
2021-10-10_15-17-00.092,3789,32138,-18.70373,24.09979,0.08732,67.00035,-7.15550,12.37663
2021-10-10_15-17-00.100,3797,32139,-18.85971,24.49836,0.73072,67.25774,-7.70074,13.09437
2021-10-10_15-17-00.108,3805,32140,-19.00492,24.81223,1.38293,67.48782,-8.22962,13.79742
2021-10-10_15-17-00.116,3813,32141,-19.13336,25.09211,1.97372,67.71156,-8.74293,14.47380
2021-10-10_15-17-00.124,3821,32142,-19.25912,25.32267,2.58544,67.95943,-9.31780,15.28008
2021-10-10_15-17-00.136,3833,32143,-19.38111,25.55244,3.16309,68.19505,-9.87147,16.05935
2021-10-10_15-17-00.144,3841,32144,-19.50025,25.78741,3.69894,68.38744,-10.34522,16.65310
2021-10-10_15-17-00.152,3849,32145,-19.62569,26.04437,4.31631,68.57526,-10.82062,17.20165
2021-10-10_15-17-00.160,3857,32146,-19.75897,26.30196,4.87206,68.73367,-11.24678,17.65605
2021-10-10_15-17-00.168,3865,32147,-19.90099,26.60918,5.38921,68.88167,-11.63030,18.02776
2021-10-10_15-17-00.176,3873,32148,-20.04447,26.96172,5.92463,69.03280,-12.02037,18.38779
2021-10-10_15-17-00.184,3881,32149,-20.19421,27.28919,6.43807,69.15731,-12.36563,18.68502
2021-10-10_15-17-00.192,3889,32150,-20.34442,27.57763,6.94011,69.29429,-12.73386,19.02653
2021-10-10_15-17-00.200,3897,32151,-20.47663,27.79459,7.45301,69.44865,-13.13575,19.41615
2021-10-10_15-17-00.208,3905,32152,-20.60693,28.01660,7.96469,69.60849,-13.53959,19.80577
2021-10-10_15-17-00.216,3913,32153,-20.74022,28.26504,8.45395,69.76921,-13.93133,20.17090
2021-10-10_15-17-00.224,3921,32154,-20.85002,28.50494,8.88794,69.93134,-14.30125,20.50113
2021-10-10_15-17-00.232,3929,32155,-20.95383,28.74166,9.28095,70.09812,-14.66734,20.81679
2021-10-10_15-17-00.244,3941,32156,-21.05481,28.98036,9.59347,70.24792,-14.99562,21.11088
2021-10-10_15-17-00.252,3949,32157,-21.14621,29.22438,9.86171,70.40096,-15.31492,21.40869
2021-10-10_15-17-00.260,3957,32158,-21.22919,29.44588,10.09953,70.56115,-15.65262,21.75289
2021-10-10_15-17-00.268,3965,32159,-21.29646,29.62081,10.29916,70.72165,-15.99628,22.13672
2021-10-10_15-17-00.276,3973,32160,-21.37061,29.82256,10.47298,70.84863,-16.25661,22.41527
2021-10-10_15-17-00.284,3981,32161,-21.43873,30.02256,10.63227,70.97832,-16.51522,22.70326
2021-10-10_15-17-00.292,3989,32162,-21.50076,30.20731,10.76459,71.07717,-16.71443,22.91984
2021-10-10_15-17-00.300,3997,32163,-21.54817,30.34804,10.84400,71.18801,-16.94955,23.23850
2021-10-10_15-17-00.308,4005,32164,-21.59000,30.47801,10.90337,71.27918,-17.13636,23.49594
2021-10-10_15-17-00.316,4013,32165,-21.62548,30.58576,10.94444,71.35870,-17.29630,23.72800
2021-10-10_15-17-00.324,4021,32166,-21.65105,30.64773,10.96291,71.42831,-17.45110,23.97395
2021-10-10_15-17-00.332,4029,32167,-21.66146,30.67832,10.93990,71.49052,-17.59377,24.23622
2021-10-10_15-17-00.340,4037,32168,-21.66758,30.69535,10.90571,71.54675,-17.72616,24.49263
2021-10-10_15-17-00.352,4049,32169,-21.67481,30.71857,10.86976,71.55707,-17.75689,24.59228
2021-10-10_15-17-00.360,4057,32170,-21.66797,30.70132,10.79549,71.56316,-17.79244,24.73598
2021-10-10_15-17-00.368,4065,32171,-21.65692,30.66350,10.70088,71.55303,-17.80114,24.84789
2021-10-10_15-17-00.376,4073,32172,-21.63971,30.60869,10.56541,71.52357,-17.77945,24.93207
2021-10-10_15-17-00.384,4081,32173,-21.61884,30.53984,10.34448,71.46651,-17.70986,24.96579
2021-10-10_15-17-00.392,4089,32174,-21.59308,30.45346,9.94675,71.39594,-17.63195,25.03573
2021-10-10_15-17-00.400,4097,32175,-21.56138,30.32860,9.41940,71.27672,-17.49764,25.09360
2021-10-10_15-17-00.408,4105,32176,-21.51760,30.10147,8.85151,71.08882,-17.29169,25.16327
2021-10-10_15-17-00.416,4113,32177,-21.45426,29.71584,8.25474,70.83538,-17.02519,25.29752
2021-10-10_15-17-00.424,4121,32178,-21.36477,29.20282,7.65910,70.49487,-16.66472,25.44267
2021-10-10_15-17-00.432,4129,32179,-21.23846,28.52844,6.98999,70.02750,-16.18536,25.69489
2021-10-10_15-17-00.440,4137,32180,-21.06706,27.87831,6.34175,69.55526,-15.69140,25.94804
2021-10-10_15-17-00.448,4145,32181,-20.87605,27.22764,5.71298,69.10688,-15.20690,26.15085
2021-10-10_15-17-00.460,4157,32182,-20.70358,26.65227,5.10680,68.72918,-14.77538,26.23522
2021-10-10_15-17-00.468,4165,32183,-20.54635,26.06597,4.50553,68.40379,-14.39049,26.24104
2021-10-10_15-17-00.476,4173,32184,-20.41502,25.50902,3.94691,68.10027,-14.01824,26.14147
2021-10-10_15-17-00.484,4181,32185,-20.29618,24.92021,3.34438,67.77430,-13.60730,25.91393
2021-10-10_15-17-00.492,4189,32186,-20.18971,24.34987,2.70812,67.42346,-13.16039,25.55921
2021-10-10_15-17-00.500,4197,32187,-20.08823,23.79327,2.14444,67.05993,-12.69324,25.03399
2021-10-10_15-17-00.508,4205,32188,-19.99152,23.19312,1.55053,66.66368,-12.19219,24.37914
2021-10-10_15-17-00.516,4213,32189,-19.89561,22.59283,0.91324,66.22144,-11.63816,23.55153
2021-10-10_15-17-00.524,4221,32190,-19.80335,21.99500,0.25316,65.68975,-10.98635,22.41136
2021-10-10_15-17-00.532,4229,32191,-19.70262,21.34888,-0.40055,65.14209,-10.33371,21.21097
2021-10-10_15-17-00.540,4237,32192,-19.60438,20.76137,-1.03504,64.58910,-9.69226,19.97003
2021-10-10_15-17-00.548,4245,32193,-19.50791,20.18456,-1.70909,63.99954,-9.03010,18.59413
2021-10-10_15-17-00.560,4257,32194,-19.42106,19.58664,-2.34601,63.42845,-8.41232,17.29246
2021-10-10_15-17-00.568,4265,32195,-19.34041,19.02858,-3.01265,62.92570,-7.88306,16.20150
2021-10-10_15-17-00.576,4273,32196,-19.27088,18.43600,-3.52251,62.45691,-7.41292,15.13795
2021-10-10_15-17-00.584,4281,32197,-19.21467,17.90499,-3.99389,62.05603,-7.02883,14.21516
2021-10-10_15-17-00.592,4289,32198,-19.16174,17.32614,-4.56807,61.66292,-6.66260,13.34599
2021-10-10_15-17-00.600,4297,32199,-19.11006,16.61679,-5.15421,61.27742,-6.32121,12.50588
2021-10-10_15-17-00.608,4305,32200,-19.06010,16.01340,-5.64707,60.92775,-6.03436,11.68903
2021-10-10_15-17-00.616,4313,32201,-19.01754,15.38189,-6.10620,60.58792,-5.77826,10.86832
2021-10-10_15-17-00.624,4321,32202,-18.98170,14.83083,-6.52027,60.24852,-5.54455,10.00257
2021-10-10_15-17-00.632,4329,32203,-18.95014,14.38076,-6.91497,59.92307,-5.34490,9.11249
2021-10-10_15-17-00.640,4337,32204,-18.91810,13.93045,-7.22564,59.62869,-5.19010,8.27792
2021-10-10_15-17-00.648,4345,32205,-18.89234,13.47833,-7.50189,59.34514,-5.05887,7.47402
2021-10-10_15-17-00.660,4357,32206,-18.86748,12.93139,-7.79155,59.05157,-4.93820,6.65397
2021-10-10_15-17-00.668,4365,32207,-18.85066,12.52701,-8.01802,58.79037,-4.86150,5.91952
2021-10-10_15-17-00.676,4373,32208,-18.83876,12.22859,-8.22631,58.54749,-4.81678,5.25183
2021-10-10_15-17-00.684,4381,32209,-18.82647,11.91194,-8.41494,58.32868,-4.80073,4.71963
2021-10-10_15-17-00.692,4389,32210,-18.81590,11.63357,-8.59844,58.07076,-4.79420,4.05121
2021-10-10_15-17-00.700,4397,32211,-18.81281,11.37518,-8.72034,57.80971,-4.82479,3.44894
2021-10-10_15-17-00.708,4405,32212,-18.81513,11.11698,-8.80873,57.53337,-4.89872,2.92615
2021-10-10_15-17-00.716,4413,32213,-18.82689,10.94086,-8.80341,57.21163,-5.03794,2.40133
2021-10-10_15-17-00.724,4421,32214,-18.85069,10.74375,-8.76775,56.79665,-5.27177,1.94336
2021-10-10_15-17-00.732,4429,32215,-18.89582,10.58376,-8.70386,56.12965,-5.73186,1.55769
2021-10-10_15-17-00.740,4437,32216,-19.02611,10.38528,-8.62022,55.21646,-6.41572,1.25148
2021-10-10_15-17-00.748,4445,32217,-19.31988,10.22375,-8.47912,54.16671,-7.27146,0.99101
2021-10-10_15-17-00.760,4457,32218,-19.74361,10.01365,-8.26097,53.02922,-8.25076,0.60779
2021-10-10_15-17-00.768,4465,32219,-20.30678,9.81210,-7.83164,51.85780,-9.45542,0.29696
2021-10-10_15-17-00.776,4473,32220,-20.95545,9.67483,-7.20727,50.91082,-11.02529,-0.00877
2021-10-10_15-17-00.784,4481,32221,-21.63760,9.48771,-6.53264,50.10846,-12.86202,-0.36080
2021-10-10_15-17-00.792,4489,32222,-22.34212,9.24998,-5.83312,49.40792,-14.86831,-0.76911
2021-10-10_15-17-00.800,4497,32223,-23.07646,8.90199,-5.16096,48.73917,-16.98520,-1.23983
2021-10-10_15-17-00.808,4505,32224,-23.82274,8.60238,-4.47380,48.28527,-19.19905,-1.74488
2021-10-10_15-17-00.816,4513,32225,-24.57002,8.25783,-3.80307,47.86938,-21.52934,-2.25651
2021-10-10_15-17-00.824,4521,32226,-25.34883,7.81074,-3.20955,47.44921,-23.93976,-2.77478
2021-10-10_15-17-00.832,4529,32227,-26.14535,7.42123,-2.61181,47.24796,-26.45455,-3.27608
2021-10-10_15-17-00.844,4541,32228,-26.97081,7.08431,-2.00651,47.13333,-29.06706,-3.78090
2021-10-10_15-17-00.852,4549,32229,-27.82904,6.81076,-1.51420,47.15458,-31.74826,-4.22699
2021-10-10_15-17-00.860,4557,32230,-28.69591,6.56029,-0.96870,47.34832,-34.53269,-4.66569
2021-10-10_15-17-00.868,4565,32231,-29.55207,6.27706,-0.49761,47.70005,-37.34893,-5.05423
2021-10-10_15-17-00.876,4573,32232,-30.42719,6.00897,-0.05544,48.21550,-40.22440,-5.40053
2021-10-10_15-17-00.884,4581,32233,-31.28991,5.76442,0.34650,48.81651,-43.03537,-5.78155
2021-10-10_15-17-00.892,4589,32234,-32.14655,5.56060,0.66881,49.59259,-45.85685,-6.07103
2021-10-10_15-17-00.900,4597,32235,-32.96406,5.30191,0.90914,50.43282,-48.68050,-6.33698
2021-10-10_15-17-00.908,4605,32236,-33.75676,5.05180,1.14392,51.45115,-51.44074,-6.54706
2021-10-10_15-17-00.916,4613,32237,-34.58470,4.79073,1.39918,52.59457,-54.39299,-6.59057
2021-10-10_15-17-00.928,4625,32238,-35.44120,4.52977,1.77839,54.07816,-57.59887,-6.35199
2021-10-10_15-17-01.252,4949,32239,-35.22309,5.06891,0.70645,54.71517,-58.70486,-5.40344
2021-10-10_15-17-01.260,4957,32240,-34.80269,5.57112,-0.41681,54.69619,-58.51160,-5.02288
2021-10-10_15-17-01.268,4965,32241,-34.24528,6.04545,-1.35837,54.45118,-57.86726,-4.76315
2021-10-10_15-17-01.276,4973,32242,-33.55180,6.35585,-2.15173,54.09139,-56.90093,-4.58660
2021-10-10_15-17-01.284,4981,32243,-32.79231,6.52612,-2.70133,53.57726,-55.30335,-4.44692
2021-10-10_15-17-01.292,4989,32244,-31.99026,6.60106,-3.25059,52.93686,-53.13914,-4.42507
2021-10-10_15-17-01.300,4997,32245,-31.13114,6.58161,-3.60172,52.32967,-50.60196,-4.40698
2021-10-10_15-17-01.308,5005,32246,-30.26958,6.58926,-3.89276,51.81650,-47.79958,-4.40004
2021-10-10_15-17-01.316,5013,32247,-29.39433,6.61057,-4.14525,51.41026,-44.78682,-4.45425
2021-10-10_15-17-01.324,5021,32248,-28.54949,6.63010,-4.28586,51.13321,-41.78231,-4.45670
2021-10-10_15-17-01.332,5029,32249,-27.66079,6.57879,-4.55446,50.89673,-38.59302,-4.54480
2021-10-10_15-17-01.340,5037,32250,-26.78412,6.51273,-4.87842,50.79161,-35.41701,-4.64999
2021-10-10_15-17-01.348,5045,32251,-25.90929,6.49604,-5.26420,50.97284,-32.23460,-4.76334
2021-10-10_15-17-01.356,5053,32252,-25.05638,6.49154,-5.65634,51.34468,-29.15886,-4.81373
2021-10-10_15-17-01.364,5061,32253,-24.20891,6.44067,-6.17767,51.73492,-25.99024,-4.95672
2021-10-10_15-17-01.372,5069,32254,-23.37189,6.43880,-6.55500,52.44868,-22.98371,-5.07153
2021-10-10_15-17-01.380,5077,32255,-22.55383,6.43542,-6.83759,53.26461,-20.00806,-5.24286
2021-10-10_15-17-01.388,5085,32256,-21.75129,6.43109,-7.13286,54.23771,-17.09140,-5.41356
2021-10-10_15-17-01.400,5097,32257,-20.95899,6.42607,-7.40671,55.36411,-14.27590,-5.61192
2021-10-10_15-17-01.408,5105,32258,-20.19480,6.40649,-7.64281,56.57188,-11.57990,-5.80409
2021-10-10_15-17-01.416,5113,32259,-19.44739,6.38552,-7.91384,57.91468,-8.96574,-6.01996
2021-10-10_15-17-01.424,5121,32260,-18.72880,6.39397,-8.17080,59.40709,-6.53076,-6.23083
2021-10-10_15-17-01.432,5129,32261,-18.02324,6.39669,-8.42755,60.99159,-4.19738,-6.46519
2021-10-10_15-17-01.440,5137,32262,-17.32657,6.40192,-8.63883,62.66821,-2.01971,-6.71906
2021-10-10_15-17-01.448,5145,32263,-16.63663,6.38787,-8.83380,64.40489,0.01779,-6.97293
2021-10-10_15-17-01.456,5153,32264,-15.94982,6.39965,-9.02051,66.33400,1.82190,-7.23536
2021-10-10_15-17-01.464,5161,32265,-15.30947,6.42537,-9.19611,68.30967,3.45885,-7.51947
2021-10-10_15-17-01.472,5169,32266,-14.68514,6.43119,-9.36730,69.87420,4.97629,-7.80585
2021-10-10_15-17-01.480,5177,32267,-14.08746,6.45103,-9.51796,69.25464,6.36344,-8.08493
2021-10-10_15-17-01.488,5185,32268,-13.52096,6.47062,-9.66332,68.73450,7.66373,-8.38803
2021-10-10_15-17-01.496,5193,32269,-12.95292,6.46882,-9.77423,68.13701,8.86292,-8.65602
2021-10-10_15-17-01.504,5201,32270,-12.42567,6.49499,-9.90074,67.75227,9.99060,-8.98244
2021-10-10_15-17-01.512,5209,32271,-11.90360,6.52719,-9.99927,67.35336,11.01584,-9.30320
2021-10-10_15-17-01.524,5221,32272,-11.39913,6.53113,-10.04679,66.91591,11.95723,-9.57833
2021-10-10_15-17-01.532,5229,32273,-10.92210,6.53333,-10.10031,66.61394,12.85316,-9.84540
2021-10-10_15-17-01.540,5237,32274,-10.43984,6.53425,-10.14376,66.26476,13.66979,-10.13173
2021-10-10_15-17-01.548,5245,32275,-9.97850,6.52204,-10.18526,65.97000,14.44112,-10.40306
2021-10-10_15-17-01.556,5253,32276,-9.51920,6.50808,-10.20797,65.62785,15.14197,-10.66559
2021-10-10_15-17-01.564,5261,32277,-9.06032,6.47195,-10.20650,65.19458,15.77676,-10.87867
2021-10-10_15-17-01.572,5269,32278,-8.62849,6.42747,-10.21103,64.84471,16.36545,-11.11084
2021-10-10_15-17-01.580,5277,32279,-8.19282,6.38099,-10.21393,64.45531,16.89209,-11.33442
2021-10-10_15-17-01.588,5285,32280,-7.76888,6.31932,-10.22347,64.08121,17.37926,-11.58707
2021-10-10_15-17-01.596,5293,32281,-7.36946,6.25637,-10.24630,63.78582,17.81752,-11.88652
2021-10-10_15-17-01.604,5301,32282,-6.97696,6.18961,-10.26578,63.45567,18.19840,-12.17301
2021-10-10_15-17-01.612,5309,32283,-6.61753,6.10235,-10.29233,63.18569,18.53616,-12.47171
2021-10-10_15-17-01.620,5317,32284,-6.26513,6.03096,-10.29316,62.81255,19.61798,-12.73807
2021-10-10_15-17-01.632,5329,32285,-5.95401,5.94768,-10.29847,62.56621,21.15991,-12.98520
2021-10-10_15-17-01.640,5337,32286,-5.67618,5.85972,-10.30720,62.40563,22.53004,-13.24216
2021-10-10_15-17-01.648,5345,32287,-5.39362,5.79985,-10.30146,62.13105,23.89525,-13.48064
2021-10-10_15-17-01.656,5353,32288,-5.13104,5.76223,-10.28975,61.96020,25.12703,-13.70708
2021-10-10_15-17-01.664,5361,32289,-4.89987,5.72021,-10.26631,62.87737,26.16312,-13.91349
2021-10-10_15-17-01.672,5369,32290,-4.70583,5.65132,-10.25443,63.69619,26.98599,-14.10994
2021-10-10_15-17-01.680,5377,32291,-4.55057,5.59023,-10.22575,64.34573,27.57807,-14.26445
2021-10-10_15-17-01.688,5385,32292,-4.41785,5.51714,-10.20623,64.95646,28.02521,-14.44866
2021-10-10_15-17-01.696,5393,32293,-4.29247,5.41548,-10.17316,65.48050,28.40368,-14.58968
2021-10-10_15-17-01.704,5401,32294,-4.18054,5.30160,-10.12923,65.90527,28.67751,-14.74950
2021-10-10_15-17-01.712,5409,32295,-4.07617,5.13993,-10.07501,66.27000,28.91263,-14.89003
2021-10-10_15-17-01.720,5417,32296,-3.97067,4.92061,-10.00442,66.54457,29.13391,-15.01721
2021-10-10_15-17-01.728,5425,32297,-3.87256,4.70093,-9.89699,66.66511,29.31493,-15.13709
2021-10-10_15-17-01.740,5437,32298,-3.78303,4.50059,-9.79390,66.78044,29.47343,-15.28587
2021-10-10_15-17-01.748,5445,32299,-3.70225,4.37395,-9.64494,66.71599,29.58315,-15.40100
2021-10-10_15-17-01.756,5453,32300,-3.62248,4.28750,-9.50340,66.65030,29.68775,-15.53790
2021-10-10_15-17-01.764,5461,32301,-3.54681,4.19385,-9.35601,66.53573,29.78317,-15.63880
2021-10-10_15-17-01.772,5469,32302,-3.47861,4.10198,-9.22860,66.44656,29.87454,-15.74521
2021-10-10_15-17-01.780,5477,32303,-3.42309,4.00711,-9.13163,66.41085,29.94876,-15.84430
2021-10-10_15-17-01.788,5485,32304,-3.37865,3.90845,-9.04371,66.35968,30.00321,-15.93719
2021-10-10_15-17-01.796,5493,32305,-3.33599,3.81580,-8.95766,66.28479,30.05646,-16.01525
2021-10-10_15-17-01.804,5501,32306,-3.30200,3.76618,-8.87169,66.17205,30.06139,-16.08622
2021-10-10_15-17-01.812,5509,32307,-3.27438,3.72042,-8.80346,66.07495,30.05809,-16.15510
2021-10-10_15-17-01.820,5517,32308,-3.25508,3.68010,-8.70850,65.85455,30.03042,-16.21492
2021-10-10_15-17-01.828,5525,32309,-3.24655,3.63277,-8.67330,65.78109,29.99688,-16.27227
2021-10-10_15-17-01.840,5537,32310,-3.24641,3.63196,-8.60679,65.57310,29.90843,-16.33178
2021-10-10_15-17-01.848,5545,32311,-3.25169,3.62566,-8.55881,65.38799,29.83754,-16.36356
2021-10-10_15-17-01.856,5553,32312,-3.27066,3.60306,-8.53793,65.23383,29.80894,-16.40351
2021-10-10_15-17-01.864,5561,32313,-3.30201,3.60912,-8.51138,65.02013,29.78752,-16.39870
2021-10-10_15-17-01.872,5569,32314,-3.34672,3.63337,-8.48191,64.72054,29.76306,-16.39330
2021-10-10_15-17-01.880,5577,32315,-3.42562,3.65390,-8.45086,64.22413,29.74356,-16.35216
2021-10-10_15-17-01.888,5585,32316,-3.60670,3.68603,-8.43388,63.32168,29.67159,-16.24885
2021-10-10_15-17-01.896,5593,32317,-3.89229,3.73721,-8.44089,62.14066,29.57158,-16.09688
2021-10-10_15-17-01.904,5601,32318,-4.22910,3.78877,-8.46047,60.76917,29.44366,-15.89423
2021-10-10_15-17-01.912,5609,32319,-4.61627,3.83809,-8.49225,59.26052,29.30382,-15.66851
2021-10-10_15-17-01.920,5617,32320,-5.01949,3.89561,-8.51496,57.65193,29.14804,-15.40892
2021-10-10_15-17-01.928,5625,32321,-5.44346,3.98288,-8.52206,55.95791,28.96999,-15.11009
2021-10-10_15-17-01.936,5633,32322,-5.89154,4.12297,-8.52370,54.19096,28.78124,-14.79882
2021-10-10_15-17-01.948,5645,32323,-6.35576,4.31593,-8.53365,52.39836,28.61760,-14.47518
2021-10-10_15-17-01.956,5653,32324,-6.83921,4.59347,-8.54994,50.58561,28.46728,-14.13630
2021-10-10_15-17-01.964,5661,32325,-7.33102,4.96387,-8.58683,48.77335,28.31261,-13.78967
2021-10-10_15-17-01.972,5669,32326,-7.83415,5.46253,-8.63126,46.91717,28.07784,-13.43566
2021-10-10_15-17-01.980,5677,32327,-8.37480,6.07638,-8.67783,44.99081,27.71228,-13.06204
2021-10-10_15-17-01.988,5685,32328,-8.96642,6.50231,-8.74858,42.95062,27.28859,-12.66960
2021-10-10_15-17-01.996,5693,32329,-9.60705,7.01474,-8.82240,40.81776,26.72244,-12.26159
2021-10-10_15-17-02.004,5701,32330,-10.29756,7.43577,-8.91290,38.59192,26.06602,-11.82274
2021-10-10_15-17-02.012,5709,32331,-10.99195,7.92311,-8.99916,36.37698,25.26674,-11.35879
2021-10-10_15-17-02.020,5717,32332,-11.71004,8.32123,-9.07610,34.09270,24.35159,-10.87950
2021-10-10_15-17-02.028,5725,32333,-12.44937,8.56752,-9.16685,31.77568,23.34388,-10.36741
2021-10-10_15-17-02.040,5737,32334,-13.17435,8.74004,-9.21882,29.46147,22.20799,-9.79828
2021-10-10_15-17-02.048,5745,32335,-13.91169,8.87596,-9.31322,27.20611,21.03442,-9.21975
2021-10-10_15-17-02.056,5753,32336,-14.66375,9.03801,-9.35106,24.96297,19.73843,-8.61273
2021-10-10_15-17-02.064,5761,32337,-15.40501,9.21314,-9.34646,22.79725,18.34625,-7.95386
2021-10-10_15-17-02.072,5769,32338,-16.13197,9.35392,-9.39211,20.70533,16.94059,-7.33971
2021-10-10_15-17-02.080,5777,32339,-16.87785,9.50502,-9.40732,18.62538,15.43506,-6.69748
2021-10-10_15-17-02.088,5785,32340,-17.58643,9.65867,-9.41016,16.67527,13.91157,-6.10056
2021-10-10_15-17-02.096,5793,32341,-18.29014,9.75921,-9.41285,14.76254,12.30395,-5.45401
2021-10-10_15-17-02.104,5801,32342,-18.99259,9.92800,-9.39982,12.99725,10.66159,-4.81980
2021-10-10_15-17-02.112,5809,32343,-19.67111,10.09471,-9.38052,11.37513,8.90541,-4.15008
2021-10-10_15-17-02.124,5821,32344,-20.32654,10.32002,-9.37595,10.06383,6.97325,-3.53262
2021-10-10_15-17-02.132,5829,32345,-20.96654,10.64490,-9.38600,8.96738,4.91543,-2.92804
2021-10-10_15-17-02.140,5837,32346,-21.56136,10.96926,-9.39363,8.03825,2.80093,-2.34575
2021-10-10_15-17-02.148,5845,32347,-22.15500,11.32969,-9.40042,7.22721,0.69784,-1.78787
2021-10-10_15-17-02.156,5853,32348,-22.73750,11.73532,-9.39870,6.53405,-1.44846,-1.13994
2021-10-10_15-17-02.164,5861,32349,-23.32225,12.16591,-9.39700,5.88346,-3.51345,-0.46027
2021-10-10_15-17-02.172,5869,32350,-23.85079,12.53683,-9.40576,5.33630,-5.47392,0.12353
2021-10-10_15-17-02.180,5877,32351,-24.38555,12.89028,-9.40659,4.86287,-7.44287,0.76151
2021-10-10_15-17-02.188,5885,32352,-24.90086,13.20106,-9.39455,4.46743,-9.34524,1.31631
2021-10-10_15-17-02.196,5893,32353,-25.40745,13.43892,-9.36640,4.15003,-11.29403,1.93908
2021-10-10_15-17-02.204,5901,32354,-25.88386,13.70146,-9.33547,3.96160,-13.14475,2.46544
2021-10-10_15-17-02.216,5913,32355,-26.36705,14.01382,-9.29243,3.84579,-14.95878,2.97717
2021-10-10_15-17-02.224,5921,32356,-26.81237,14.28438,-9.24909,3.70812,-16.71958,3.40140
2021-10-10_15-17-02.232,5929,32357,-27.28054,14.59222,-9.18076,3.70188,-18.51349,3.82378
2021-10-10_15-17-02.240,5937,32358,-27.71869,14.87082,-9.09984,3.76172,-20.25603,4.26279
2021-10-10_15-17-02.248,5945,32359,-28.12269,15.09171,-9.02793,3.86833,-21.93823,4.67761
2021-10-10_15-17-02.256,5953,32360,-28.52494,15.30287,-8.95123,4.03858,-23.59177,5.07082
2021-10-10_15-17-02.264,5961,32361,-28.92768,15.53296,-8.85963,4.26795,-25.20493,5.42378
2021-10-10_15-17-02.272,5969,32362,-29.32513,15.73856,-8.76543,4.47811,-26.79039,5.72225
2021-10-10_15-17-02.280,5977,32363,-29.72703,15.98043,-8.68436,4.69007,-28.28214,5.97253
2021-10-10_15-17-02.288,5985,32364,-30.08777,16.18583,-8.61589,4.97054,-29.76910,6.21985
2021-10-10_15-17-02.296,5993,32365,-30.46415,16.38594,-8.51848,5.30712,-31.25266,6.43296
2021-10-10_15-17-02.308,6005,32366,-30.82956,16.56180,-8.43133,5.58348,-32.65942,6.59009
2021-10-10_15-17-02.316,6013,32367,-31.19151,16.72080,-8.35115,5.90190,-34.05495,6.76139
2021-10-10_15-17-02.324,6021,32368,-31.53926,16.83045,-8.27052,6.24321,-35.39965,6.89449
2021-10-10_15-17-02.332,6029,32369,-31.87038,16.95017,-8.20157,6.64013,-36.61267,6.97563
2021-10-10_15-17-02.340,6037,32370,-32.19093,17.04244,-8.13775,7.04122,-37.72696,7.02102
2021-10-10_15-17-02.348,6045,32371,-32.49480,17.13430,-8.09475,7.51444,-38.79939,7.10793
2021-10-10_15-17-02.356,6053,32372,-32.78192,17.19688,-8.06523,7.93217,-39.81894,7.16242
2021-10-10_15-17-02.364,6061,32373,-33.08134,17.26190,-8.02022,8.30102,-40.80035,7.22658
2021-10-10_15-17-02.372,6069,32374,-33.34198,17.32123,-7.99693,8.61043,-41.68605,7.26113
2021-10-10_15-17-02.380,6077,32375,-33.58238,17.36206,-7.96542,8.95173,-42.52692,7.31668
2021-10-10_15-17-02.388,6085,32376,-33.81852,17.41761,-7.93135,9.23733,-43.28782,7.32490
2021-10-10_15-17-02.396,6093,32377,-34.05441,17.46199,-7.88958,9.51874,-44.02005,7.34422
2021-10-10_15-17-02.408,6105,32378,-34.24206,17.46288,-7.85230,9.79376,-44.73777,7.37822
2021-10-10_15-17-02.416,6113,32379,-34.40850,17.45957,-7.83340,10.00285,-45.41955,7.40527
2021-10-10_15-17-02.424,6121,32380,-34.54671,17.45584,-7.80789,10.21699,-46.04023,7.42657
2021-10-10_15-17-02.432,6129,32381,-34.66885,17.45852,-7.79336,10.39521,-46.58662,7.42306
2021-10-10_15-17-02.440,6137,32382,-34.78175,17.46308,-7.76742,10.59298,-47.07834,7.42606
2021-10-10_15-17-02.448,6145,32383,-34.88958,17.47648,-7.73853,10.81790,-47.52291,7.43892
2021-10-10_15-17-02.456,6153,32384,-34.97965,17.47634,-7.73248,10.98305,-47.90330,7.42346
2021-10-10_15-17-02.464,6161,32385,-35.06645,17.47304,-7.71627,11.15662,-48.25712,7.43841
2021-10-10_15-17-02.473,6169,32386,-35.13009,17.46405,-7.72153,11.29194,-48.55591,7.44665
2021-10-10_15-17-02.481,6177,32387,-35.18587,17.46210,-7.71860,11.41081,-48.80060,7.45303
2021-10-10_15-17-02.489,6185,32388,-35.22907,17.45857,-7.72796,11.49469,-49.00406,7.45212
2021-10-10_15-17-02.497,6193,32389,-35.26138,17.45626,-7.72528,11.57143,-49.15841,7.44599
2021-10-10_15-17-02.509,6205,32390,-35.28541,17.45102,-7.72546,11.63909,-49.28751,7.44783
2021-10-10_15-17-02.517,6213,32391,-35.30444,17.44664,-7.73046,11.69413,-49.39795,7.46188
2021-10-10_15-17-02.525,6221,32392,-35.31806,17.44246,-7.72670,11.74382,-49.47842,7.47303
2021-10-10_15-17-02.533,6229,32393,-35.31963,17.43616,-7.72694,11.78251,-49.52146,7.48629
2021-10-10_15-17-02.541,6237,32394,-35.31712,17.42978,-7.72816,11.81705,-49.54719,7.50032
2021-10-10_15-17-02.549,6245,32395,-35.30658,17.42371,-7.73373,11.82541,-49.53596,7.50317
2021-10-10_15-17-02.557,6253,32396,-35.28816,17.41954,-7.74259,11.82739,-49.49576,7.51370
2021-10-10_15-17-02.565,6261,32397,-35.26769,17.41608,-7.75411,11.80458,-49.43970,7.51556
2021-10-10_15-17-02.573,6269,32398,-35.23977,17.41658,-7.77055,11.76800,-49.35602,7.52815
2021-10-10_15-17-02.581,6277,32399,-35.19799,17.41327,-7.77373,11.74884,-49.24782,7.56005
2021-10-10_15-17-02.589,6285,32400,-35.12823,17.40738,-7.78272,11.70172,-49.09849,7.58164
2021-10-10_15-17-02.597,6293,32401,-34.98353,17.40112,-7.77640,11.64324,-48.91135,7.62225
2021-10-10_15-17-02.605,6301,32402,-34.73901,17.38465,-7.78089,11.53377,-48.63130,7.66611
2021-10-10_15-17-02.613,6309,32403,-34.44758,17.37552,-7.78654,11.28182,-48.13953,7.76088
2021-10-10_15-17-02.625,6321,32404,-34.11784,17.36817,-7.79595,10.88807,-47.20332,7.89115
2021-10-10_15-17-02.633,6329,32405,-33.74090,17.36069,-7.79885,10.56080,-45.92580,8.03387
2021-10-10_15-17-02.641,6337,32406,-33.37368,17.35742,-7.79898,10.13805,-44.40789,8.18643
2021-10-10_15-17-02.649,6345,32407,-32.96980,17.35414,-7.78947,9.81453,-42.78784,8.33200
2021-10-10_15-17-02.657,6353,32408,-32.49773,17.35932,-7.79024,9.51826,-40.96139,8.46323
2021-10-10_15-17-02.665,6361,32409,-32.02996,17.36294,-7.79028,9.20253,-39.17333,8.62033
2021-10-10_15-17-02.673,6369,32410,-31.55371,17.37566,-7.77995,8.98812,-37.36575,8.76802
2021-10-10_15-17-02.681,6377,32411,-31.06007,17.40071,-7.77150,8.83937,-35.49986,8.91190
2021-10-10_15-17-02.689,6385,32412,-30.50747,17.41423,-7.77368,8.63101,-33.62451,9.08978
2021-10-10_15-17-02.697,6393,32413,-29.94991,17.43898,-7.77253,8.51837,-31.71323,9.25495
2021-10-10_15-17-02.705,6401,32414,-29.36761,17.46009,-7.77400,8.43086,-29.76892,9.43606
2021-10-10_15-17-02.713,6409,32415,-28.75011,17.47733,-7.78197,8.41259,-27.78252,9.61558
2021-10-10_15-17-02.721,6417,32416,-28.15285,17.49026,-7.78471,8.42039,-25.80140,9.79634
2021-10-10_15-17-02.729,6425,32417,-27.53476,17.51122,-7.79886,8.53908,-23.74359,9.95465
2021-10-10_15-17-02.737,6433,32418,-26.93344,17.52825,-7.81095,8.69340,-21.70024,10.09896
2021-10-10_15-17-02.745,6441,32419,-26.32640,17.54093,-7.83308,8.87538,-19.66142,10.23960
2021-10-10_15-17-02.753,6449,32420,-25.72090,17.55016,-7.87305,9.10935,-17.62498,10.36933
2021-10-10_15-17-02.765,6461,32421,-25.11132,17.55546,-7.95503,9.43772,-15.59752,10.47628
2021-10-10_15-17-02.773,6469,32422,-24.51074,17.56764,-8.10262,9.88910,-13.58956,10.54135
2021-10-10_15-17-02.781,6477,32423,-23.90529,17.56088,-8.34242,10.35404,-11.64530,10.61195
2021-10-10_15-17-02.789,6485,32424,-23.30694,17.55247,-8.63200,10.95069,-9.78194,10.64268
2021-10-10_15-17-02.797,6493,32425,-22.70028,17.53349,-8.97972,11.57248,-7.85277,10.63611
2021-10-10_15-17-02.805,6501,32426,-22.12893,17.51719,-9.28270,12.28608,-6.03669,10.60555
2021-10-10_15-17-02.813,6509,32427,-21.57041,17.49988,-9.48590,13.08259,-4.28551,10.55208
2021-10-10_15-17-02.821,6517,32428,-21.01622,17.46582,-9.69948,13.93526,-2.60877,10.45649
2021-10-10_15-17-02.829,6525,32429,-20.48531,17.42812,-9.83377,14.88220,-1.02024,10.33112
2021-10-10_15-17-02.837,6533,32430,-19.97473,17.37367,-9.96464,15.85139,0.50250,10.18880
2021-10-10_15-17-02.845,6541,32431,-19.49063,17.31166,-10.04309,16.87439,1.97901,10.01107
2021-10-10_15-17-02.853,6549,32432,-18.98500,17.20870,-10.15023,17.93778,3.41357,9.83131
2021-10-10_15-17-02.861,6557,32433,-18.50430,17.04609,-10.22613,19.03203,4.80362,9.63090
2021-10-10_15-17-02.869,6565,32434,-18.03618,16.80088,-10.31841,20.12206,6.16954,9.42990
2021-10-10_15-17-02.881,6577,32435,-17.57427,16.45682,-10.41255,21.22751,7.47864,9.22554
2021-10-10_15-17-02.889,6585,32436,-17.13503,16.13812,-10.45462,22.38196,8.70393,9.00051
2021-10-10_15-17-02.897,6593,32437,-16.70629,15.90974,-10.48704,23.56263,9.86276,8.74686
2021-10-10_15-17-02.905,6601,32438,-16.28881,15.70016,-10.49612,24.75532,10.92882,8.49320
2021-10-10_15-17-02.913,6609,32439,-15.89049,15.57052,-10.50736,25.96733,11.95851,8.21148
2021-10-10_15-17-02.921,6617,32440,-15.48209,15.42117,-10.54531,27.19701,12.94261,7.93112
2021-10-10_15-17-02.929,6625,32441,-15.10941,15.33580,-10.55897,28.41281,13.86130,7.63581
2021-10-10_15-17-02.937,6633,32442,-14.76059,15.20614,-10.56888,29.55629,14.73641,7.34093
2021-10-10_15-17-02.945,6641,32443,-14.42047,15.07508,-10.57361,30.66770,15.56079,7.03549
2021-10-10_15-17-02.953,6649,32444,-14.09333,14.92922,-10.56383,31.76381,16.32947,6.76584
2021-10-10_15-17-02.961,6657,32445,-13.78364,14.76840,-10.57611,32.83406,17.09919,6.45547
2021-10-10_15-17-02.969,6665,32446,-13.47148,14.59699,-10.57198,33.87730,17.81807,6.12795
2021-10-10_15-17-02.977,6673,32447,-13.18367,14.42963,-10.57759,34.90245,18.52164,5.78373
2021-10-10_15-17-02.985,6681,32448,-12.91520,14.20633,-10.56781,35.83849,19.16988,5.45388
2021-10-10_15-17-02.997,6693,32449,-12.64178,13.88698,-10.55145,36.75248,19.78391,5.12416
2021-10-10_15-17-03.005,6701,32450,-12.40240,13.60264,-10.52404,37.61699,20.35670,4.74135
2021-10-10_15-17-03.013,6709,32451,-12.17460,13.38423,-10.49829,38.39376,20.88920,4.28503
2021-10-10_15-17-03.021,6717,32452,-11.97325,13.22647,-10.46350,39.09264,21.37201,3.79796
2021-10-10_15-17-03.029,6725,32453,-11.80415,13.10001,-10.42056,39.70637,21.80440,3.28941
2021-10-10_15-17-03.037,6733,32454,-11.65528,12.96436,-10.37609,40.25578,22.21757,2.75234
2021-10-10_15-17-03.045,6741,32455,-11.51075,12.83255,-10.33579,40.79000,22.61731,2.17424
2021-10-10_15-17-03.053,6749,32456,-11.38669,12.73111,-10.27535,41.28000,22.98502,1.60624
2021-10-10_15-17-03.061,6757,32457,-11.26871,12.59267,-10.23297,41.74293,23.35578,1.02123
2021-10-10_15-17-03.069,6765,32458,-11.14356,12.44255,-10.17758,42.22706,23.68284,0.55242
2021-10-10_15-17-03.077,6773,32459,-11.02597,12.31861,-10.11894,42.70036,23.98176,0.13152
2021-10-10_15-17-03.085,6781,32460,-10.90593,12.16753,-10.07792,43.16356,24.27974,-0.29519
2021-10-10_15-17-03.093,6789,32461,-10.78653,12.04522,-10.00852,43.62506,24.52472,-0.62137
2021-10-10_15-17-03.105,6801,32462,-10.66820,11.93074,-9.94658,44.07357,24.75474,-0.93357
2021-10-10_15-17-03.113,6809,32463,-10.55722,11.83415,-9.85784,44.47281,24.95383,-1.24727
2021-10-10_15-17-03.121,6817,32464,-10.45640,11.72016,-9.76706,44.83735,25.13722,-1.53274
2021-10-10_15-17-03.129,6825,32465,-10.35369,11.61404,-9.67237,45.18811,25.29447,-1.77649
2021-10-10_15-17-03.137,6833,32466,-10.26237,11.50255,-9.60183,45.51617,25.43749,-1.95902
2021-10-10_15-17-03.145,6841,32467,-10.18350,11.42384,-9.52868,45.80309,25.56311,-2.16736
2021-10-10_15-17-03.153,6849,32468,-10.11229,11.34863,-9.46665,46.06187,25.67193,-2.35472
2021-10-10_15-17-03.161,6857,32469,-10.04676,11.28955,-9.41877,46.30975,25.76536,-2.50757
2021-10-10_15-17-03.169,6865,32470,-9.98620,11.23723,-9.37882,46.52760,25.84670,-2.66621
2021-10-10_15-17-03.177,6873,32471,-9.93767,11.18242,-9.33784,46.70032,25.91607,-2.82087
2021-10-10_15-17-03.185,6881,32472,-9.90352,11.14011,-9.30275,46.82922,25.97926,-3.00791
2021-10-10_15-17-03.193,6889,32473,-9.87489,11.10201,-9.27263,46.93515,26.03221,-3.18042
2021-10-10_15-17-03.205,6901,32474,-9.85231,11.06126,-9.24964,47.01352,26.07764,-3.34870
2021-10-10_15-17-03.213,6909,32475,-9.83229,11.01379,-9.22576,47.07454,26.11079,-3.48252
2021-10-10_15-17-03.221,6917,32476,-9.82141,10.97440,-9.19584,47.11170,26.13000,-3.57919
2021-10-10_15-17-03.229,6925,32477,-9.81500,10.95636,-9.16247,47.13340,26.14076,-3.68352
2021-10-10_15-17-03.237,6933,32478,-9.81544,10.92310,-9.13031,47.12689,26.14806,-3.77579
2021-10-10_15-17-03.245,6941,32479,-9.81765,10.89743,-9.10133,47.10891,26.15278,-3.87029
2021-10-10_15-17-03.253,6949,32480,-9.82039,10.89448,-9.07017,47.08727,26.14574,-3.95209
2021-10-10_15-17-03.261,6957,32481,-9.82921,10.87941,-9.03966,47.04916,26.13264,-4.00017
2021-10-10_15-17-03.269,6965,32482,-9.84185,10.86260,-9.01305,46.99475,26.11886,-4.04812
2021-10-10_15-17-03.277,6973,32483,-9.85677,10.85413,-8.99089,46.92978,26.10246,-4.09848
2021-10-10_15-17-03.285,6981,32484,-9.87716,10.83694,-8.98106,46.84505,26.08756,-4.14893
2021-10-10_15-17-03.293,6989,32485,-9.90268,10.83812,-8.96419,46.74561,26.06246,-4.19111
2021-10-10_15-17-03.301,6997,32486,-9.93749,10.85285,-8.95369,46.62391,26.03042,-4.24184
2021-10-10_15-17-03.313,7009,32487,-9.98656,10.86211,-8.94166,46.47142,25.98615,-4.26422
2021-10-10_15-17-03.321,7017,32488,-10.05566,10.87857,-8.93358,46.26762,25.92292,-4.29470
2021-10-10_15-17-03.329,7025,32489,-10.16107,10.90187,-8.91664,45.97617,25.82098,-4.29259
2021-10-10_15-17-03.337,7033,32490,-10.33512,10.91263,-8.91626,45.52615,25.66983,-4.28459
2021-10-10_15-17-03.345,7041,32491,-10.54760,10.92405,-8.91021,44.83647,25.41516,-4.21629
2021-10-10_15-17-03.353,7049,32492,-10.78670,10.93984,-8.90085,43.95078,25.07141,-4.09717
2021-10-10_15-17-03.361,7057,32493,-11.03186,10.96390,-8.89535,43.00758,24.69441,-3.96764
2021-10-10_15-17-03.369,7065,32494,-11.28680,10.98823,-8.87523,42.01363,24.28215,-3.81638
2021-10-10_15-17-03.377,7073,32495,-11.53772,11.02073,-8.85695,41.04357,23.86277,-3.64888
2021-10-10_15-17-03.385,7081,32496,-11.79096,11.05825,-8.83929,40.10003,23.44378,-3.47771
2021-10-10_15-17-03.393,7089,32497,-12.04091,11.08860,-8.82618,39.23093,23.04714,-3.31278
2021-10-10_15-17-03.401,7097,32498,-12.28316,11.12654,-8.80813,38.41310,22.66097,-3.15258
2021-10-10_15-17-03.413,7109,32499,-12.52847,11.15312,-8.79126,37.62007,22.27606,-2.97602
2021-10-10_15-17-03.421,7117,32500,-12.78699,11.18943,-8.77240,36.80978,21.87339,-2.80010
2021-10-10_15-17-03.429,7125,32501,-13.03235,11.21970,-8.75418,35.96252,21.43922,-2.59987
2021-10-10_15-17-03.437,7133,32502,-13.28435,11.25085,-8.73108,35.07644,20.97729,-2.40076
2021-10-10_15-17-03.445,7141,32503,-13.54426,11.29083,-8.70201,34.16188,20.48677,-2.18792
2021-10-10_15-17-03.453,7149,32504,-13.79802,11.33223,-8.66194,33.25202,19.98141,-1.95813
2021-10-10_15-17-03.461,7157,32505,-14.03634,11.36423,-8.61614,32.41042,19.50282,-1.74400
2021-10-10_15-17-03.469,7165,32506,-14.27431,11.39924,-8.56951,31.64581,19.05792,-1.53943
2021-10-10_15-17-03.477,7173,32507,-14.50733,11.43420,-8.52490,30.95489,18.64411,-1.35023
2021-10-10_15-17-03.485,7181,32508,-14.74651,11.46548,-8.48422,30.28431,18.23984,-1.18197
2021-10-10_15-17-03.493,7189,32509,-15.00821,11.49512,-8.44703,29.59707,17.81465,-0.99784
2021-10-10_15-17-03.501,7197,32510,-15.26842,11.51585,-8.41685,28.86147,17.36025,-0.82481
2021-10-10_15-17-03.513,7209,32511,-15.52987,11.54235,-8.36919,28.07323,16.85593,-0.63337
2021-10-10_15-17-03.521,7217,32512,-15.79324,11.57153,-8.30795,27.23217,16.30279,-0.42587
2021-10-10_15-17-03.529,7225,32513,-16.05275,11.59947,-8.25304,26.40160,15.74668,-0.22920
2021-10-10_15-17-03.537,7233,32514,-16.30432,11.62718,-8.19811,25.65752,15.22871,-0.03506
2021-10-10_15-17-03.545,7241,32515,-16.56186,11.66012,-8.13886,24.98029,14.73885,0.15248
2021-10-10_15-17-03.553,7249,32516,-16.81077,11.69605,-8.08695,24.36403,14.27586,0.32785
2021-10-10_15-17-03.561,7257,32517,-17.07605,11.74890,-8.02863,23.77333,13.80454,0.52924
2021-10-10_15-17-03.569,7265,32518,-17.32805,11.79827,-7.99326,23.19779,13.33700,0.72177
2021-10-10_15-17-03.577,7273,32519,-17.56436,11.85330,-7.95071,22.63999,12.86539,0.90722
2021-10-10_15-17-03.585,7281,32520,-17.77919,11.91234,-7.91158,22.10605,12.39265,1.10044
2021-10-10_15-17-03.593,7289,32521,-17.98323,11.97678,-7.84445,21.57512,11.90149,1.28967
2021-10-10_15-17-03.601,7297,32522,-18.17528,12.05123,-7.77708,21.07809,11.41313,1.47309
2021-10-10_15-17-03.613,7309,32523,-18.35795,12.12943,-7.70578,20.61524,10.92440,1.66469
2021-10-10_15-17-03.621,7317,32524,-18.53456,12.19949,-7.61354,20.17620,10.42447,1.87433
2021-10-10_15-17-03.629,7325,32525,-18.70074,12.26680,-7.54604,19.77566,9.95138,2.06216
2021-10-10_15-17-03.637,7333,32526,-18.85196,12.33950,-7.47726,19.42479,9.49394,2.26124
2021-10-10_15-17-03.645,7341,32527,-18.98634,12.38712,-7.39191,19.10191,9.04153,2.46888
2021-10-10_15-17-03.653,7349,32528,-19.10946,12.45473,-7.30709,18.83827,8.60854,2.68101
2021-10-10_15-17-03.661,7357,32529,-19.22745,12.51934,-7.23145,18.60271,8.19964,2.88907
2021-10-10_15-17-03.669,7365,32530,-19.33836,12.55943,-7.14356,18.37827,7.79764,3.10752
2021-10-10_15-17-03.677,7373,32531,-19.44276,12.62071,-7.04814,18.19876,7.40813,3.33504
2021-10-10_15-17-03.685,7381,32532,-19.53661,12.66777,-6.98243,18.03349,7.06564,3.53375
2021-10-10_15-17-03.693,7389,32533,-19.62096,12.70163,-6.92894,17.88919,6.74668,3.73904
2021-10-10_15-17-03.701,7397,32534,-19.69712,12.74197,-6.86854,17.76797,6.45508,3.90012
2021-10-10_15-17-03.709,7405,32535,-19.76150,12.79100,-6.83335,17.67355,6.19315,4.04123
2021-10-10_15-17-03.721,7417,32536,-19.81469,12.83069,-6.78114,17.59655,5.94108,4.18337
2021-10-10_15-17-03.729,7425,32537,-19.86129,12.85493,-6.73539,17.52661,5.69840,4.35254
2021-10-10_15-17-03.737,7433,32538,-19.90695,12.89061,-6.68422,17.47667,5.46527,4.53794
2021-10-10_15-17-03.745,7441,32539,-19.94237,12.90820,-6.64585,17.43032,5.26004,4.71491
2021-10-10_15-17-03.753,7449,32540,-19.97599,12.93471,-6.61477,17.39019,5.07368,4.86937
2021-10-10_15-17-03.761,7457,32541,-20.00771,12.97126,-6.57756,17.35906,4.90110,5.00546
2021-10-10_15-17-03.769,7465,32542,-20.03305,13.00426,-6.55083,17.33662,4.74212,5.15621
2021-10-10_15-17-03.777,7473,32543,-20.05525,13.04035,-6.53026,17.31776,4.60263,5.28245
2021-10-10_15-17-03.785,7481,32544,-20.07605,13.07389,-6.51541,17.29173,4.48098,5.39166
2021-10-10_15-17-03.793,7489,32545,-20.09483,13.11296,-6.49712,17.27557,4.36691,5.50217
2021-10-10_15-17-03.801,7497,32546,-20.10976,13.15503,-6.48127,17.26052,4.26738,5.58590
2021-10-10_15-17-03.809,7505,32547,-20.12192,13.20031,-6.45203,17.25541,4.16581,5.67999
2021-10-10_15-17-03.821,7517,32548,-20.12937,13.23549,-6.44779,17.23923,4.09405,5.74531
2021-10-10_15-17-03.829,7525,32549,-20.13383,13.27060,-6.44245,17.23450,4.02281,5.83069
2021-10-10_15-17-03.837,7533,32550,-20.13697,13.30274,-6.43977,17.23544,3.95739,5.92806
2021-10-10_15-17-03.845,7541,32551,-20.13994,13.32905,-6.43911,17.23753,3.89685,6.04348
2021-10-10_15-17-03.853,7549,32552,-20.14288,13.35712,-6.43555,17.23662,3.84594,6.13260
2021-10-10_15-17-03.861,7557,32553,-20.14333,13.38735,-6.43667,17.24423,3.80168,6.22945
2021-10-10_15-17-03.869,7565,32554,-20.14418,13.42535,-6.43881,17.25487,3.76442,6.31594
2021-10-10_15-17-03.877,7573,32555,-20.14430,13.46324,-6.44061,17.26858,3.73083,6.39834
2021-10-10_15-17-03.885,7581,32556,-20.14275,13.49639,-6.44785,17.27940,3.70742,6.46265
2021-10-10_15-17-03.893,7589,32557,-20.14030,13.51494,-6.45866,17.28745,3.68993,6.53084
2021-10-10_15-17-03.901,7597,32558,-20.14031,13.54410,-6.46044,17.29002,3.68051,6.56400
2021-10-10_15-17-03.909,7605,32559,-20.13838,13.56635,-6.46201,17.29949,3.67168,6.60454
2021-10-10_15-17-03.917,7613,32560,-20.13755,13.58681,-6.45529,17.31447,3.65793,6.66852
2021-10-10_15-17-03.929,7625,32561,-20.13608,13.60744,-6.44879,17.33179,3.64903,6.72318
2021-10-10_15-17-03.937,7633,32562,-20.13441,13.63384,-6.44908,17.35123,3.64626,6.77071
2021-10-10_15-17-03.945,7641,32563,-20.13208,13.66595,-6.44864,17.37480,3.64709,6.80799
2021-10-10_15-17-03.953,7649,32564,-20.12865,13.69438,-6.44800,17.40596,3.64740,6.86267
2021-10-10_15-17-03.961,7657,32565,-20.12736,13.73254,-6.44117,17.43578,3.64819,6.90884
2021-10-10_15-17-03.969,7665,32566,-20.12329,13.75272,-6.43949,17.46622,3.65458,6.95326
2021-10-10_15-17-03.977,7673,32567,-20.12133,13.78364,-6.42603,17.49828,3.65816,7.00068
2021-10-10_15-17-03.985,7681,32568,-20.11672,13.80436,-6.41828,17.53221,3.66725,7.04030
2021-10-10_15-17-03.993,7689,32569,-20.11265,13.81946,-6.40684,17.56493,3.67848,7.07651
2021-10-10_15-17-04.001,7697,32570,-20.10865,13.82526,-6.39560,17.59573,3.69382,7.11001
2021-10-10_15-17-04.009,7705,32571,-20.10305,13.83562,-6.38482,17.63819,3.70955,7.15904
2021-10-10_15-17-04.017,7713,32572,-20.09781,13.85491,-6.37261,17.68231,3.73023,7.19410
2021-10-10_15-17-04.025,7721,32573,-20.09209,13.86758,-6.36477,17.72524,3.75912,7.22104
2021-10-10_15-17-04.037,7733,32574,-20.08660,13.87863,-6.34571,17.77311,3.78741,7.25179
2021-10-10_15-17-04.045,7741,32575,-20.07927,13.88613,-6.33229,17.82387,3.82651,7.27086
2021-10-10_15-17-04.053,7749,32576,-20.07084,13.89181,-6.30855,17.87984,3.87136,7.27978
2021-10-10_15-17-04.061,7757,32577,-20.06399,13.90478,-6.28174,17.94492,3.92238,7.30136
2021-10-10_15-17-04.069,7765,32578,-20.05527,13.91733,-6.25973,18.02462,3.98454,7.32814
2021-10-10_15-17-04.077,7773,32579,-20.04399,13.92412,-6.23529,18.11721,4.06081,7.34613
2021-10-10_15-17-04.085,7781,32580,-20.03044,13.93366,-6.21607,18.23085,4.15739,7.35495
2021-10-10_15-17-04.093,7789,32581,-20.01717,13.94772,-6.19102,18.36091,4.27189,7.35445
2021-10-10_15-17-04.101,7797,32582,-19.99951,13.95436,-6.17440,18.51519,4.40541,7.36079
2021-10-10_15-17-04.109,7805,32583,-19.97803,13.96648,-6.15491,18.69351,4.56586,7.33935
2021-10-10_15-17-04.117,7813,32584,-19.95406,13.97253,-6.13598,18.88887,4.73903,7.33073
2021-10-10_15-17-04.125,7821,32585,-19.92637,13.98879,-6.11281,19.10792,4.92867,7.31513
2021-10-10_15-17-04.133,7829,32586,-19.89213,13.98800,-6.10567,19.32729,5.12992,7.29445
2021-10-10_15-17-04.145,7841,32587,-19.85602,13.99423,-6.09655,19.55067,5.33166,7.27714
2021-10-10_15-17-04.153,7849,32588,-19.81652,14.00199,-6.08649,19.77254,5.53865,7.23842
2021-10-10_15-17-04.161,7857,32589,-19.77267,14.01226,-6.07664,19.99942,5.74417,7.20770
2021-10-10_15-17-04.169,7865,32590,-19.72531,14.01677,-6.06012,20.20986,5.92324,7.20409
2021-10-10_15-17-04.177,7873,32591,-19.67592,14.01527,-6.06586,20.40483,6.10699,7.18648
2021-10-10_15-17-04.185,7881,32592,-19.62788,14.01561,-6.06751,20.58937,6.27919,7.17216
2021-10-10_15-17-04.193,7889,32593,-19.58498,14.02097,-6.06559,20.76072,6.44143,7.15467
2021-10-10_15-17-04.201,7897,32594,-19.54684,14.02926,-6.05703,20.91357,6.58804,7.13165
2021-10-10_15-17-04.209,7905,32595,-19.50804,14.03415,-6.05073,21.05748,6.72052,7.12657
2021-10-10_15-17-04.217,7913,32596,-19.46978,14.04102,-6.04332,21.19529,6.84275,7.12774
2021-10-10_15-17-04.225,7921,32597,-19.43338,14.04450,-6.03445,21.31833,6.95581,7.12019
2021-10-10_15-17-04.233,7929,32598,-19.39697,14.04957,-6.02775,21.43811,7.06181,7.11623
2021-10-10_15-17-04.245,7941,32599,-19.37199,14.05620,-6.01529,21.53901,7.15189,7.12212
2021-10-10_15-17-04.253,7949,32600,-19.34915,14.06657,-6.00702,21.63589,7.23897,7.12488
2021-10-10_15-17-04.261,7957,32601,-19.32969,14.07686,-6.00397,21.72495,7.32360,7.12585
2021-10-10_15-17-04.269,7965,32602,-19.31129,14.08735,-5.99940,21.80670,7.40140,7.12508
2021-10-10_15-17-04.277,7973,32603,-19.29132,14.09588,-5.99466,21.88710,7.47478,7.12489
2021-10-10_15-17-04.285,7981,32604,-19.27543,14.10520,-5.98703,21.96000,7.54054,7.12620
2021-10-10_15-17-04.293,7989,32605,-19.26139,14.11287,-5.98517,22.02671,7.60558,7.12720
2021-10-10_15-17-04.301,7997,32606,-19.24948,14.12535,-5.98271,22.09517,7.66842,7.12961
2021-10-10_15-17-04.309,8005,32607,-19.23751,14.13707,-5.97939,22.16083,7.72666,7.13434
2021-10-10_15-17-04.317,8013,32608,-19.22661,14.14791,-5.97481,22.22184,7.78155,7.13777
2021-10-10_15-17-04.325,8021,32609,-19.21484,14.15763,-5.97464,22.28260,7.83747,7.13914
2021-10-10_15-17-04.333,8029,32610,-19.20573,14.16525,-5.97159,22.33539,7.88615,7.14499
2021-10-10_15-17-04.341,8037,32611,-19.19824,14.17188,-5.96777,22.38252,7.93214,7.14647
2021-10-10_15-17-04.353,8049,32612,-19.19025,14.17641,-5.96420,22.42572,7.97484,7.14788
2021-10-10_15-17-04.361,8057,32613,-19.18345,14.18217,-5.96139,22.46606,8.01529,7.14936
2021-10-10_15-17-04.369,8065,32614,-19.17689,14.18854,-5.95688,22.50517,8.05142,7.15302
2021-10-10_15-17-04.377,8073,32615,-19.17088,14.19506,-5.95255,22.54118,8.08530,7.15596
2021-10-10_15-17-04.385,8081,32616,-19.16555,14.19993,-5.94777,22.57216,8.11515,7.16051
2021-10-10_15-17-04.393,8089,32617,-19.16013,14.20437,-5.94374,22.60194,8.14383,7.16493
2021-10-10_15-17-04.401,8097,32618,-19.15537,14.20945,-5.93943,22.62955,8.16984,7.17017
2021-10-10_15-17-04.409,8105,32619,-19.15126,14.21562,-5.93495,22.65451,8.19352,7.17459
2021-10-10_15-17-04.417,8113,32620,-19.14678,14.21723,-5.93563,22.67420,8.22174,7.16547
2021-10-10_15-17-04.425,8121,32621,-19.14275,14.22301,-5.93784,22.69220,8.24947,7.15114
2021-10-10_15-17-04.433,8129,32622,-19.13804,14.22741,-5.93517,22.71061,8.27133,7.14215
2021-10-10_15-17-04.441,8137,32623,-19.13502,14.23215,-5.93401,22.72337,8.29106,7.13296
2021-10-10_15-17-04.449,8145,32624,-19.13165,14.23614,-5.93579,22.73518,8.31114,7.12316
2021-10-10_15-17-04.461,8157,32625,-19.12818,14.24232,-5.93766,22.74703,8.33056,7.11104
2021-10-10_15-17-04.469,8165,32626,-19.12494,14.24852,-5.93925,22.75795,8.34786,7.10147
2021-10-10_15-17-04.477,8173,32627,-19.12147,14.25664,-5.94120,22.76837,8.36501,7.08883
2021-10-10_15-17-04.485,8181,32628,-19.11828,14.26224,-5.94151,22.77600,8.37890,7.07939
2021-10-10_15-17-04.493,8189,32629,-19.11527,14.26854,-5.94185,22.78424,8.39170,7.07161
2021-10-10_15-17-04.501,8197,32630,-19.11264,14.27570,-5.94058,22.79171,8.40229,7.06504
2021-10-10_15-17-04.509,8205,32631,-19.10966,14.28257,-5.94145,22.79870,8.41416,7.05606
2021-10-10_15-17-04.517,8213,32632,-19.10661,14.28812,-5.94131,22.80433,8.42409,7.04758
2021-10-10_15-17-04.525,8221,32633,-19.10368,14.29310,-5.93980,22.80859,8.43267,7.03826
2021-10-10_15-17-04.533,8229,32634,-19.10025,14.29555,-5.94129,22.81353,8.44102,7.03306
2021-10-10_15-17-04.541,8237,32635,-19.09740,14.29740,-5.94338,22.81616,8.44830,7.02870
2021-10-10_15-17-04.549,8245,32636,-19.09500,14.29996,-5.94295,22.81783,8.45304,7.02392
2021-10-10_15-17-04.561,8257,32637,-19.09270,14.30259,-5.94435,22.81908,8.45816,7.01939
2021-10-10_15-17-04.569,8265,32638,-19.09067,14.30256,-5.94757,22.81885,8.46194,7.01919
2021-10-10_15-17-04.577,8273,32639,-19.08932,14.30736,-5.94701,22.82064,8.46223,7.02149
2021-10-10_15-17-04.585,8281,32640,-19.08820,14.31547,-5.94386,22.82410,8.46037,7.02381
2021-10-10_15-17-04.593,8289,32641,-19.08546,14.32396,-5.94218,22.82886,8.45864,7.02285
2021-10-10_15-17-04.601,8297,32642,-19.08269,14.32967,-5.93933,22.83195,8.45513,7.02438
2021-10-10_15-17-04.609,8305,32643,-19.08081,14.33458,-5.93690,22.83256,8.45060,7.02785
2021-10-10_15-17-04.617,8313,32644,-19.07892,14.33774,-5.93323,22.83099,8.44534,7.02679
2021-10-10_15-17-04.625,8321,32645,-19.07800,14.34228,-5.93167,22.82547,8.44172,7.01844
2021-10-10_15-17-04.633,8329,32646,-19.07749,14.34909,-5.93207,22.81977,8.43877,7.00952
2021-10-10_15-17-04.641,8337,32647,-19.07578,14.35343,-5.93204,22.81431,8.43470,6.99986
2021-10-10_15-17-04.649,8345,32648,-19.07486,14.36033,-5.93411,22.80673,8.43245,6.98626
2021-10-10_15-17-04.657,8353,32649,-19.07444,14.36796,-5.93592,22.79856,8.42864,6.97561
2021-10-10_15-17-04.669,8365,32650,-19.07459,14.37818,-5.93673,22.79122,8.42255,6.96936
2021-10-10_15-17-04.677,8373,32651,-19.07406,14.38641,-5.93823,22.78212,8.41699,6.95940
2021-10-10_15-17-04.685,8381,32652,-19.07405,14.39543,-5.93849,22.77348,8.40984,6.95300
2021-10-10_15-17-04.693,8389,32653,-19.07395,14.40413,-5.93966,22.76412,8.40350,6.94494
2021-10-10_15-17-04.701,8397,32654,-19.07457,14.41438,-5.93946,22.75328,8.39611,6.93638
2021-10-10_15-17-04.709,8405,32655,-19.07502,14.42488,-5.94013,22.74266,8.38879,6.92875
2021-10-10_15-17-04.717,8413,32656,-19.07497,14.43243,-5.93940,22.73190,8.38041,6.92265
2021-10-10_15-17-04.725,8421,32657,-19.07554,14.44108,-5.93869,22.72020,8.37203,6.91701
2021-10-10_15-17-04.733,8429,32658,-19.07539,14.44417,-5.93829,22.70940,8.36198,6.91680
2021-10-10_15-17-04.741,8437,32659,-19.07609,14.45249,-5.93619,22.69642,8.35259,6.90957
2021-10-10_15-17-04.749,8445,32660,-19.07549,14.45509,-5.93547,22.68560,8.34114,6.90998
2021-10-10_15-17-04.757,8453,32661,-19.07562,14.46376,-5.93485,22.67397,8.33114,6.90513
2021-10-10_15-17-04.765,8461,32662,-19.07664,14.47580,-5.93361,22.66183,8.31990,6.90176
2021-10-10_15-17-04.777,8473,32663,-19.07757,14.49211,-5.93087,22.65243,8.30619,6.90192
2021-10-10_15-17-04.785,8481,32664,-19.07844,14.50701,-5.92868,22.64187,8.29194,6.90294
2021-10-10_15-17-04.793,8489,32665,-19.07977,14.52400,-5.92658,22.63065,8.27718,6.90478
2021-10-10_15-17-04.801,8497,32666,-19.08146,14.54163,-5.92307,22.61801,8.26124,6.90577
2021-10-10_15-17-04.809,8505,32667,-19.08307,14.55805,-5.92055,22.60483,8.24522,6.90765
2021-10-10_15-17-04.900,8596,32678,-19.10062,14.71568,-5.89818,22.44530,8.06047,6.93631
2021-10-10_15-17-04.901Number of frames logged (num_logged_frames): 987
2021-10-10_15-17-04.901Number of missed frames (num_missed_frames): 10
2021-10-10_15-17-04.901Total time (computer clock): 9 s
2021-10-10_15-17-04.901Overall Frame Rate (computer clock): 115 Hz
